2025-06-19 10:04:06,254 - configs - INFO - Existing position or pending order blocks new trade
2025-06-19 12:58:00,505 - configs - WARNING - No stop loss pips provided, using default position size
2025-06-19 12:58:00,550 - configs - ERROR - Trade failed with code 10015, (1, 'Success') --comment: Invalid price
2025-06-19 12:58:00,550 - configs - ERROR - Trade failed with code 10015, (1, 'Success') --comment: Invalid price
2025-06-19 12:58:00,550 - configs - ERROR - Trade Execution Error: Trade failed with code 10015, (1, 'Success') --comment: Invalid price
2025-06-19 12:58:00,550 - configs - ERROR - Unexpected error in execute_order: Trade failed with code 10015, (1, 'Success') --comment: Invalid price
Traceback (most recent call last):
  File "C:\Workspace\Bots\mt5-trading-api\trading.py", line 80, in execute_order
    raise TradeExecutionError(error_msg)
trading.TradeExecutionError: Trade failed with code 10015, (1, 'Success') --comment: Invalid price

2025-06-19 12:58:00,552 - configs - ERROR - Order execution failed: Trade failed with code 10015, (1, 'Success') --comment: Invalid price
2025-06-19 12:58:00,552 - configs - ERROR - Trade Execution Error: Order execution failed: Trade failed with code 10015, (1, 'Success') --comment: Invalid price
2025-06-19 12:58:00,553 - configs - ERROR - Trade error processing signal: Order execution failed: Trade failed with code 10015, (1, 'Success') --comment: Invalid price
2025-06-19 13:28:04,895 - configs - WARNING - No stop loss pips provided, using default position size
2025-06-19 13:28:04,905 - configs - ERROR - Trade failed with code 10015, (1, 'Success') --comment: Invalid price
2025-06-19 13:28:04,909 - configs - ERROR - Trade failed with code 10015, (1, 'Success') --comment: Invalid price
2025-06-19 13:28:04,909 - configs - ERROR - Trade Execution Error: Trade failed with code 10015, (1, 'Success') --comment: Invalid price
2025-06-19 13:28:04,909 - configs - ERROR - Unexpected error in execute_order: Trade failed with code 10015, (1, 'Success') --comment: Invalid price
Traceback (most recent call last):
  File "C:\Workspace\Bots\mt5-trading-api\trading.py", line 80, in execute_order
    raise TradeExecutionError(error_msg)
trading.TradeExecutionError: Trade failed with code 10015, (1, 'Success') --comment: Invalid price

2025-06-19 13:28:04,910 - configs - ERROR - Order execution failed: Trade failed with code 10015, (1, 'Success') --comment: Invalid price
2025-06-19 13:28:04,910 - configs - ERROR - Trade Execution Error: Order execution failed: Trade failed with code 10015, (1, 'Success') --comment: Invalid price
2025-06-19 13:28:04,910 - configs - ERROR - Trade error processing signal: Order execution failed: Trade failed with code 10015, (1, 'Success') --comment: Invalid price
2025-06-19 14:27:58,616 - configs - INFO - Processing signal: symbol='GBPUSD' direction='SELL' entry=Entry(price=1.34202, type='limit', validUntil='2025-06-19T12:55:25.242+01:00') stopLoss=1.34402 takeProfits=[TakeProfitLevel(name='TP1', price=1.33852, percentage=50.0, reason='First take profit level based on 35 pips from entry'), TakeProfitLevel(name='TP2', price=1.33702, percentage=30.0, reason='Second take profit level based on additional 35 pips from TP1'), TakeProfitLevel(name='TP3', price=1.33552, percentage=20.0, reason='Third take profit level based on additional 35 pips from TP2')] confidence=75.0 reason='Downtrend confirmed on 1H timeframe with bearish pin bar and engulfing pattern on 15M timeframe. Risk to reward ratio meets the minimum requirement of 1:2.' timestamp='2025-06-19T11:55:25.242+01:00'
2025-06-19 14:27:58,674 - configs - WARNING - No stop loss pips provided, using default position size
2025-06-19 14:27:58,696 - configs - ERROR - Trade failed with code 10015, (1, 'Success') --comment: Invalid price
2025-06-19 14:27:58,696 - configs - ERROR - Trade failed with code 10015, (1, 'Success') --comment: Invalid price
2025-06-19 14:27:58,696 - configs - ERROR - Trade Execution Error: Trade failed with code 10015, (1, 'Success') --comment: Invalid price
2025-06-19 14:27:58,696 - configs - ERROR - Unexpected error in execute_order: Trade failed with code 10015, (1, 'Success') --comment: Invalid price
Traceback (most recent call last):
  File "C:\Workspace\Bots\mt5-trading-api\trading.py", line 80, in execute_order
    raise TradeExecutionError(error_msg)
trading.TradeExecutionError: Trade failed with code 10015, (1, 'Success') --comment: Invalid price

2025-06-19 14:27:58,701 - configs - ERROR - Order execution failed: Trade failed with code 10015, (1, 'Success') --comment: Invalid price
2025-06-19 14:27:58,701 - configs - ERROR - Trade Execution Error: Order execution failed: Trade failed with code 10015, (1, 'Success') --comment: Invalid price
2025-06-19 14:27:58,701 - configs - ERROR - Trade error processing signal: Order execution failed: Trade failed with code 10015, (1, 'Success') --comment: Invalid price
2025-06-19 14:42:57,636 - configs - INFO - Active position exists for GBPJPY - not opening new trade
2025-06-19 14:42:57,637 - configs - INFO - Existing position or pending order blocks new trade
2025-06-19 14:57:58,862 - configs - INFO - Processing signal: symbol='GBPUSD' direction='SELL' entry=Entry(price=1.34202, type='limit', validUntil='2025-06-19T12:55:25.242+01:00') stopLoss=1.34402 takeProfits=[TakeProfitLevel(name='TP1', price=1.33852, percentage=50.0, reason='First take profit level based on 35 pips from entry'), TakeProfitLevel(name='TP2', price=1.33702, percentage=30.0, reason='Second take profit level based on additional 35 pips'), TakeProfitLevel(name='TP3', price=1.33552, percentage=20.0, reason='Final take profit level based on additional 35 pips')] confidence=75.0 reason='Downtrend confirmed on 1H timeframe with bearish pin bar and engulfing pattern on 15M timeframe. Risk to reward ratio meets the minimum requirement of 1:2.' timestamp='2025-06-19T11:55:25.242+01:00'
2025-06-19 14:57:58,913 - configs - WARNING - No stop loss pips provided, using default position size
2025-06-19 14:57:58,940 - configs - ERROR - Trade failed with code 10015, (1, 'Success') --comment: Invalid price
2025-06-19 14:57:58,940 - configs - ERROR - Trade failed with code 10015, (1, 'Success') --comment: Invalid price
2025-06-19 14:57:58,940 - configs - ERROR - Trade Execution Error: Trade failed with code 10015, (1, 'Success') --comment: Invalid price
2025-06-19 14:57:58,940 - configs - ERROR - Unexpected error in execute_order: Trade failed with code 10015, (1, 'Success') --comment: Invalid price
Traceback (most recent call last):
  File "C:\Workspace\Bots\mt5-trading-api\trading.py", line 80, in execute_order
    raise TradeExecutionError(error_msg)
trading.TradeExecutionError: Trade failed with code 10015, (1, 'Success') --comment: Invalid price

2025-06-19 14:57:58,944 - configs - ERROR - Order execution failed: Trade failed with code 10015, (1, 'Success') --comment: Invalid price
2025-06-19 14:57:58,944 - configs - ERROR - Trade Execution Error: Order execution failed: Trade failed with code 10015, (1, 'Success') --comment: Invalid price
2025-06-19 14:57:58,944 - configs - ERROR - Trade error processing signal: Order execution failed: Trade failed with code 10015, (1, 'Success') --comment: Invalid price
2025-06-19 15:12:59,496 - configs - INFO - Successfully moved position 3973459779 to breakeven
2025-06-19 15:12:59,539 - configs - WARNING - No stop loss pips provided, using default position size
2025-06-19 15:12:59,575 - configs - ERROR - Trade failed with code 10015, (1, 'Success') --comment: Invalid price
2025-06-19 15:12:59,576 - configs - ERROR - Trade failed with code 10015, (1, 'Success') --comment: Invalid price
2025-06-19 15:12:59,576 - configs - ERROR - Trade Execution Error: Trade failed with code 10015, (1, 'Success') --comment: Invalid price
2025-06-19 15:12:59,576 - configs - ERROR - Unexpected error in execute_order: Trade failed with code 10015, (1, 'Success') --comment: Invalid price
Traceback (most recent call last):
  File "C:\Workspace\Bots\mt5-trading-api\trading.py", line 80, in execute_order
    raise TradeExecutionError(error_msg)
trading.TradeExecutionError: Trade failed with code 10015, (1, 'Success') --comment: Invalid price

2025-06-19 15:12:59,577 - configs - ERROR - Order execution failed: Trade failed with code 10015, (1, 'Success') --comment: Invalid price
2025-06-19 15:12:59,577 - configs - ERROR - Trade Execution Error: Order execution failed: Trade failed with code 10015, (1, 'Success') --comment: Invalid price
2025-06-19 15:12:59,577 - configs - ERROR - Trade error processing signal: Order execution failed: Trade failed with code 10015, (1, 'Success') --comment: Invalid price
2025-06-19 15:27:59,142 - configs - ERROR - Failed to modify position: 10025
2025-06-19 15:27:59,142 - configs - ERROR - Failed to modify position: 10025
2025-06-19 15:27:59,142 - configs - ERROR - Trade Execution Error: Failed to modify position: 10025
2025-06-19 15:27:59,142 - configs - ERROR - Error moving position 3973459779 to breakeven: Failed to modify position: 10025
2025-06-19 15:27:59,157 - configs - WARNING - No stop loss pips provided, using default position size
2025-06-19 15:27:59,517 - configs - INFO - Order executed successfully: OrderSendResult(retcode=10009, deal=0, order=3976185262, volume=0.01, price=0.0, bid=0.0, ask=0.0, comment='Request executed', request_id=984051716, retcode_external=0, request=TradeRequest(action=5, magic=202508, order=0, symbol='EURUSD', volume=0.01, price=1.14717, stoplimit=0.0, sl=1.14917, tp=1.14367, deviation=35, type=3, type_filling=1, type_time=2, expiration=1750357620, comment='Trade open EURUSD', position=0, position_by=0))
2025-06-19 15:27:59,532 - configs - INFO - Successfully processed signal: {'status': 'placed', 'order': {'retcode': 10009, 'deal': 0, 'order': 3976185262, 'volume': 0.01, 'price': 0.0, 'bid': 0.0, 'ask': 0.0, 'comment': 'Request executed', 'request_id': 984051716, 'retcode_external': 0, 'request': TradeRequest(action=5, magic=202508, order=0, symbol='EURUSD', volume=0.01, price=1.14717, stoplimit=0.0, sl=1.14917, tp=1.14367, deviation=35, type=3, type_filling=1, type_time=2, expiration=1750357620, comment='Trade open EURUSD', position=0, position_by=0)}}
2025-06-19 16:57:58,953 - configs - WARNING - No stop loss pips provided, using default position size
2025-06-19 16:57:58,976 - configs - ERROR - Trade failed with code 10015, (1, 'Success') --comment: Invalid price
2025-06-19 16:57:58,976 - configs - ERROR - Trade failed with code 10015, (1, 'Success') --comment: Invalid price
2025-06-19 16:57:58,976 - configs - ERROR - Trade Execution Error: Trade failed with code 10015, (1, 'Success') --comment: Invalid price
2025-06-19 16:57:58,977 - configs - ERROR - Unexpected error in execute_order: Trade failed with code 10015, (1, 'Success') --comment: Invalid price
Traceback (most recent call last):
  File "C:\Workspace\Bots\mt5-trading-api\trading.py", line 80, in execute_order
    raise TradeExecutionError(error_msg)
trading.TradeExecutionError: Trade failed with code 10015, (1, 'Success') --comment: Invalid price

2025-06-19 16:57:58,977 - configs - ERROR - Order execution failed: Trade failed with code 10015, (1, 'Success') --comment: Invalid price
2025-06-19 16:57:58,979 - configs - ERROR - Trade Execution Error: Order execution failed: Trade failed with code 10015, (1, 'Success') --comment: Invalid price
2025-06-19 16:57:58,979 - configs - ERROR - Trade error processing signal: Order execution failed: Trade failed with code 10015, (1, 'Success') --comment: Invalid price
2025-06-19 17:12:56,271 - configs - WARNING - No stop loss pips provided, using default position size
2025-06-19 17:12:56,285 - configs - ERROR - Trade failed with code 10015, (1, 'Success') --comment: Invalid price
2025-06-19 17:12:56,286 - configs - ERROR - Trade failed with code 10015, (1, 'Success') --comment: Invalid price
2025-06-19 17:12:56,286 - configs - ERROR - Trade Execution Error: Trade failed with code 10015, (1, 'Success') --comment: Invalid price
2025-06-19 17:12:56,286 - configs - ERROR - Unexpected error in execute_order: Trade failed with code 10015, (1, 'Success') --comment: Invalid price
Traceback (most recent call last):
  File "C:\Workspace\Bots\mt5-trading-api\trading.py", line 80, in execute_order
    raise TradeExecutionError(error_msg)
trading.TradeExecutionError: Trade failed with code 10015, (1, 'Success') --comment: Invalid price

2025-06-19 17:12:56,287 - configs - ERROR - Order execution failed: Trade failed with code 10015, (1, 'Success') --comment: Invalid price
2025-06-19 17:12:56,288 - configs - ERROR - Trade Execution Error: Order execution failed: Trade failed with code 10015, (1, 'Success') --comment: Invalid price
2025-06-19 17:12:56,288 - configs - ERROR - Trade error processing signal: Order execution failed: Trade failed with code 10015, (1, 'Success') --comment: Invalid price
2025-06-19 17:42:58,653 - configs - INFO - Processing signal: symbol='EURUSD' direction='BUY' entry=Entry(price=1.1469, type='limit', validUntil='2025-06-19T12:54:25.242+01:00') stopLoss=1.1449 takeProfits=[TakeProfitLevel(name='TP1', price=1.1504, percentage=50.0, reason='First take profit level based on recent swing high'), TakeProfitLevel(name='TP2', price=1.1539, percentage=50.0, reason='Second take profit level based on historical resistance')] confidence=75.0 reason='Uptrend confirmed on 1H timeframe with bullish pin bar and engulfing pattern on 15M timeframe. Entry at swing low with adequate RRR.' timestamp='2025-06-19T11:55:25.242+01:00'
2025-06-19 17:42:58,701 - configs - WARNING - No stop loss pips provided, using default position size
2025-06-19 17:42:58,728 - configs - ERROR - Trade failed with code 10015, (1, 'Success') --comment: Invalid price
2025-06-19 17:42:58,728 - configs - ERROR - Trade failed with code 10015, (1, 'Success') --comment: Invalid price
2025-06-19 17:42:58,728 - configs - ERROR - Trade Execution Error: Trade failed with code 10015, (1, 'Success') --comment: Invalid price
2025-06-19 17:42:58,728 - configs - ERROR - Unexpected error in execute_order: Trade failed with code 10015, (1, 'Success') --comment: Invalid price
Traceback (most recent call last):
  File "C:\Workspace\Bots\mt5-trading-api\trading.py", line 80, in execute_order
    raise TradeExecutionError(error_msg)
trading.TradeExecutionError: Trade failed with code 10015, (1, 'Success') --comment: Invalid price

2025-06-19 17:42:58,732 - configs - ERROR - Order execution failed: Trade failed with code 10015, (1, 'Success') --comment: Invalid price
2025-06-19 17:42:58,732 - configs - ERROR - Trade Execution Error: Order execution failed: Trade failed with code 10015, (1, 'Success') --comment: Invalid price
2025-06-19 17:42:58,732 - configs - ERROR - Trade error processing signal: Order execution failed: Trade failed with code 10015, (1, 'Success') --comment: Invalid price
2025-06-19 17:57:56,292 - configs - WARNING - No stop loss pips provided, using default position size
2025-06-19 17:57:56,458 - configs - ERROR - Trade failed with code 10019, (1, 'Success') --comment: No money
2025-06-19 17:57:56,458 - configs - ERROR - Trade failed with code 10019, (1, 'Success') --comment: No money
2025-06-19 17:57:56,458 - configs - ERROR - Trade Execution Error: Trade failed with code 10019, (1, 'Success') --comment: No money
2025-06-19 17:57:56,458 - configs - ERROR - Unexpected error in execute_order: Trade failed with code 10019, (1, 'Success') --comment: No money
Traceback (most recent call last):
  File "C:\Workspace\Bots\mt5-trading-api\trading.py", line 80, in execute_order
    raise TradeExecutionError(error_msg)
trading.TradeExecutionError: Trade failed with code 10019, (1, 'Success') --comment: No money

2025-06-19 17:57:56,458 - configs - ERROR - Order execution failed: Trade failed with code 10019, (1, 'Success') --comment: No money
2025-06-19 17:57:56,458 - configs - ERROR - Trade Execution Error: Order execution failed: Trade failed with code 10019, (1, 'Success') --comment: No money
2025-06-19 17:57:56,458 - configs - ERROR - Trade error processing signal: Order execution failed: Trade failed with code 10019, (1, 'Success') --comment: No money
2025-06-19 18:42:56,495 - configs - INFO - Processing signal: symbol='USDCAD' direction='BUY' entry=Entry(price=1.37134, type='limit', validUntil='2025-06-19T12:55:25.242+01:00') stopLoss=1.36934 takeProfits=[TakeProfitLevel(name='TP1', price=1.37484, percentage=50.0, reason='First resistance level'), TakeProfitLevel(name='TP2', price=1.37634, percentage=30.0, reason='Second resistance level'), TakeProfitLevel(name='TP3', price=1.37784, percentage=20.0, reason='Third resistance level')] confidence=75.0 reason='Uptrend confirmed with bullish pin bar at support and engulfing pattern on the 1H timeframe. Entry triggered by bullish pin bar at support on the 5M timeframe.' timestamp='2025-06-19T11:55:25.242+01:00'
2025-06-19 18:42:56,714 - configs - WARNING - No stop loss pips provided, using default position size
2025-06-19 18:42:57,386 - configs - ERROR - Trade failed with code 10019, (1, 'Success') --comment: No money
2025-06-19 18:42:57,386 - configs - ERROR - Trade failed with code 10019, (1, 'Success') --comment: No money
2025-06-19 18:42:57,386 - configs - ERROR - Trade Execution Error: Trade failed with code 10019, (1, 'Success') --comment: No money
2025-06-19 18:42:57,386 - configs - ERROR - Unexpected error in execute_order: Trade failed with code 10019, (1, 'Success') --comment: No money
Traceback (most recent call last):
  File "C:\Workspace\Bots\mt5-trading-api\trading.py", line 80, in execute_order
    raise TradeExecutionError(error_msg)
trading.TradeExecutionError: Trade failed with code 10019, (1, 'Success') --comment: No money

2025-06-19 18:42:57,386 - configs - ERROR - Order execution failed: Trade failed with code 10019, (1, 'Success') --comment: No money
2025-06-19 18:42:57,386 - configs - ERROR - Trade Execution Error: Order execution failed: Trade failed with code 10019, (1, 'Success') --comment: No money
2025-06-19 18:42:57,386 - configs - ERROR - Trade error processing signal: Order execution failed: Trade failed with code 10019, (1, 'Success') --comment: No money
2025-06-19 19:42:57,084 - configs - INFO - Processing signal: symbol='GBPUSD' direction='SELL' entry=Entry(price=1.3425, type='limit', validUntil='2025-06-19T12:55:25.242+01:00') stopLoss=1.3445 takeProfits=[TakeProfitLevel(name='TP1', price=1.339, percentage=50.0, reason='First take profit level based on recent swing low'), TakeProfitLevel(name='TP2', price=1.3365, percentage=30.0, reason='Second take profit level targeting next liquidity zone'), TakeProfitLevel(name='TP3', price=1.334, percentage=20.0, reason='Final take profit level for extended downtrend')] confidence=75.0 reason='Downtrend confirmed on 1H timeframe with bearish pin bar and engulfing pattern on 15M. Entry triggered by bearish pin bar at resistance.' timestamp='2025-06-19T11:55:25.242+01:00'
2025-06-19 19:42:57,142 - configs - WARNING - No stop loss pips provided, using default position size
2025-06-19 19:42:57,157 - configs - ERROR - Trade failed with code 10015, (1, 'Success') --comment: Invalid price
2025-06-19 19:42:57,158 - configs - ERROR - Trade failed with code 10015, (1, 'Success') --comment: Invalid price
2025-06-19 19:42:57,158 - configs - ERROR - Trade Execution Error: Trade failed with code 10015, (1, 'Success') --comment: Invalid price
2025-06-19 19:42:57,159 - configs - ERROR - Unexpected error in execute_order: Trade failed with code 10015, (1, 'Success') --comment: Invalid price
Traceback (most recent call last):
  File "C:\Workspace\Bots\mt5-trading-api\trading.py", line 80, in execute_order
    raise TradeExecutionError(error_msg)
trading.TradeExecutionError: Trade failed with code 10015, (1, 'Success') --comment: Invalid price

2025-06-19 19:42:57,159 - configs - ERROR - Order execution failed: Trade failed with code 10015, (1, 'Success') --comment: Invalid price
2025-06-19 19:42:57,159 - configs - ERROR - Trade Execution Error: Order execution failed: Trade failed with code 10015, (1, 'Success') --comment: Invalid price
2025-06-19 19:42:57,160 - configs - ERROR - Trade error processing signal: Order execution failed: Trade failed with code 10015, (1, 'Success') --comment: Invalid price
2025-06-19 20:24:09,952 - configs - INFO - Processing signal: symbol='XAUUSD' direction='BUY' entry=Entry(price=3373.7, type='limit', validUntil='2025-06-19T20:53:41.891+01:00') stopLoss=3353.7 takeProfits=[TakeProfitLevel(name='TP1', price=3408.7, percentage=50.0, reason='First take profit level based on 35 pips from entry'), TakeProfitLevel(name='TP2', price=3443.7, percentage=30.0, reason='Second take profit level based on additional 35 pips'), TakeProfitLevel(name='TP3', price=3478.7, percentage=20.0, reason='Final take profit level based on additional 35 pips')] confidence=75.0 reason='Uptrend confirmed on 1H timeframe with bullish engulfing pattern on 15M timeframe. Entry triggered by pin bar at support.' timestamp='2025-06-19T19:53:41.891+01:00'
2025-06-19 20:24:10,005 - configs - WARNING - No stop loss pips provided, using default position size
2025-06-19 20:24:10,022 - configs - ERROR - Trade failed with code 10015, (1, 'Success') --comment: Invalid price
2025-06-19 20:24:10,022 - configs - ERROR - Trade failed with code 10015, (1, 'Success') --comment: Invalid price
2025-06-19 20:24:10,022 - configs - ERROR - Trade Execution Error: Trade failed with code 10015, (1, 'Success') --comment: Invalid price
2025-06-19 20:24:10,023 - configs - ERROR - Unexpected error in execute_order: Trade failed with code 10015, (1, 'Success') --comment: Invalid price
Traceback (most recent call last):
  File "C:\Workspace\Bots\mt5-trading-api\trading.py", line 80, in execute_order
    raise TradeExecutionError(error_msg)
trading.TradeExecutionError: Trade failed with code 10015, (1, 'Success') --comment: Invalid price

2025-06-19 20:24:10,023 - configs - ERROR - Order execution failed: Trade failed with code 10015, (1, 'Success') --comment: Invalid price
2025-06-19 20:24:10,024 - configs - ERROR - Trade Execution Error: Order execution failed: Trade failed with code 10015, (1, 'Success') --comment: Invalid price
2025-06-19 20:24:10,024 - configs - ERROR - Trade error processing signal: Order execution failed: Trade failed with code 10015, (1, 'Success') --comment: Invalid price
2025-06-19 20:39:09,691 - configs - INFO - Processing signal: symbol='XAUUSD' direction='BUY' entry=Entry(price=3373.7, type='limit', validUntil='2025-06-19T20:53:41.891+01:00') stopLoss=3353.7 takeProfits=[TakeProfitLevel(name='TP1', price=3408.7, percentage=50.0, reason='First take profit level based on recent swing high'), TakeProfitLevel(name='TP2', price=3423.7, percentage=30.0, reason='Second take profit level based on historical resistance'), TakeProfitLevel(name='TP3', price=3438.7, percentage=20.0, reason='Final take profit level targeting extended gains')] confidence=75.0 reason='Uptrend confirmed on 1H timeframe with bullish engulfing pattern on 15M. Entry triggered by pin bar at support with engulfing pattern. Risk to reward ratio meets the minimum requirement of 1:2 with potential for 35 pips profit.' timestamp='2025-06-19T19:53:41.891+01:00'
2025-06-19 20:39:09,754 - configs - WARNING - No stop loss pips provided, using default position size
2025-06-19 20:39:09,770 - configs - ERROR - Trade failed with code 10015, (1, 'Success') --comment: Invalid price
2025-06-19 20:39:09,770 - configs - ERROR - Trade failed with code 10015, (1, 'Success') --comment: Invalid price
2025-06-19 20:39:09,770 - configs - ERROR - Trade Execution Error: Trade failed with code 10015, (1, 'Success') --comment: Invalid price
2025-06-19 20:39:09,771 - configs - ERROR - Unexpected error in execute_order: Trade failed with code 10015, (1, 'Success') --comment: Invalid price
Traceback (most recent call last):
  File "C:\Workspace\Bots\mt5-trading-api\trading.py", line 80, in execute_order
    raise TradeExecutionError(error_msg)
trading.TradeExecutionError: Trade failed with code 10015, (1, 'Success') --comment: Invalid price

2025-06-19 20:39:09,772 - configs - ERROR - Order execution failed: Trade failed with code 10015, (1, 'Success') --comment: Invalid price
2025-06-19 20:39:09,772 - configs - ERROR - Trade Execution Error: Order execution failed: Trade failed with code 10015, (1, 'Success') --comment: Invalid price
2025-06-19 20:39:09,772 - configs - ERROR - Trade error processing signal: Order execution failed: Trade failed with code 10015, (1, 'Success') --comment: Invalid price
2025-06-19 20:54:13,175 - configs - WARNING - No stop loss pips provided, using default position size
2025-06-19 20:54:13,192 - configs - ERROR - Trade failed with code 10015, (1, 'Success') --comment: Invalid price
2025-06-19 20:54:13,223 - configs - ERROR - Trade failed with code 10015, (1, 'Success') --comment: Invalid price
2025-06-19 20:54:13,223 - configs - ERROR - Trade Execution Error: Trade failed with code 10015, (1, 'Success') --comment: Invalid price
2025-06-19 20:54:13,223 - configs - ERROR - Unexpected error in execute_order: Trade failed with code 10015, (1, 'Success') --comment: Invalid price
Traceback (most recent call last):
  File "C:\Workspace\Bots\mt5-trading-api\trading.py", line 80, in execute_order
    raise TradeExecutionError(error_msg)
trading.TradeExecutionError: Trade failed with code 10015, (1, 'Success') --comment: Invalid price

2025-06-19 20:54:13,223 - configs - ERROR - Order execution failed: Trade failed with code 10015, (1, 'Success') --comment: Invalid price
2025-06-19 20:54:13,223 - configs - ERROR - Trade Execution Error: Order execution failed: Trade failed with code 10015, (1, 'Success') --comment: Invalid price
2025-06-19 20:54:13,223 - configs - ERROR - Trade error processing signal: Order execution failed: Trade failed with code 10015, (1, 'Success') --comment: Invalid price
2025-06-19 21:39:13,605 - configs - WARNING - No stop loss pips provided, using default position size
2025-06-19 21:39:13,617 - configs - ERROR - Trade failed with code 10015, (1, 'Success') --comment: Invalid price
2025-06-19 21:39:13,617 - configs - ERROR - Trade failed with code 10015, (1, 'Success') --comment: Invalid price
2025-06-19 21:39:13,617 - configs - ERROR - Trade Execution Error: Trade failed with code 10015, (1, 'Success') --comment: Invalid price
2025-06-19 21:39:13,617 - configs - ERROR - Unexpected error in execute_order: Trade failed with code 10015, (1, 'Success') --comment: Invalid price
Traceback (most recent call last):
  File "C:\Workspace\Bots\mt5-trading-api\trading.py", line 80, in execute_order
    raise TradeExecutionError(error_msg)
trading.TradeExecutionError: Trade failed with code 10015, (1, 'Success') --comment: Invalid price

2025-06-19 21:39:13,619 - configs - ERROR - Order execution failed: Trade failed with code 10015, (1, 'Success') --comment: Invalid price
2025-06-19 21:39:13,619 - configs - ERROR - Trade Execution Error: Order execution failed: Trade failed with code 10015, (1, 'Success') --comment: Invalid price
2025-06-19 21:39:13,619 - configs - ERROR - Trade error processing signal: Order execution failed: Trade failed with code 10015, (1, 'Success') --comment: Invalid price
2025-06-19 21:54:11,782 - configs - INFO - Processing signal: symbol='USDCAD' direction='BUY' entry=Entry(price=1.37117, type='limit', validUntil='2025-06-19T20:53:41.891+01:00') stopLoss=1.36917 takeProfits=[TakeProfitLevel(name='TP1', price=1.37467, percentage=50.0, reason='First take profit level based on recent swing high'), TakeProfitLevel(name='TP2', price=1.37617, percentage=30.0, reason='Second take profit level extending beyond recent swing high'), TakeProfitLevel(name='TP3', price=1.37767, percentage=20.0, reason='Final take profit level targeting a significant resistance area')] confidence=75.0 reason='Bullish pin bar at support with engulfing pattern on the 15M timeframe, confirmed by an uptrend on the 1H timeframe. Risk to reward ratio meets the minimum requirement of 1:2 with over 35 pips profit potential.' timestamp='2025-06-19T19:53:41.891+01:00'
2025-06-19 21:54:11,834 - configs - WARNING - No stop loss pips provided, using default position size
2025-06-19 21:54:11,849 - configs - ERROR - Trade failed with code 10015, (1, 'Success') --comment: Invalid price
2025-06-19 21:54:11,849 - configs - ERROR - Trade failed with code 10015, (1, 'Success') --comment: Invalid price
2025-06-19 21:54:11,849 - configs - ERROR - Trade Execution Error: Trade failed with code 10015, (1, 'Success') --comment: Invalid price
2025-06-19 21:54:11,850 - configs - ERROR - Unexpected error in execute_order: Trade failed with code 10015, (1, 'Success') --comment: Invalid price
Traceback (most recent call last):
  File "C:\Workspace\Bots\mt5-trading-api\trading.py", line 80, in execute_order
    raise TradeExecutionError(error_msg)
trading.TradeExecutionError: Trade failed with code 10015, (1, 'Success') --comment: Invalid price

2025-06-19 21:54:11,851 - configs - ERROR - Order execution failed: Trade failed with code 10015, (1, 'Success') --comment: Invalid price
2025-06-19 21:54:11,852 - configs - ERROR - Trade Execution Error: Order execution failed: Trade failed with code 10015, (1, 'Success') --comment: Invalid price
2025-06-19 21:54:11,852 - configs - ERROR - Trade error processing signal: Order execution failed: Trade failed with code 10015, (1, 'Success') --comment: Invalid price
2025-06-20 08:45:45,750 - configs - INFO - Processing signal: symbol='EURJPY' direction='BUY' entry=Entry(price=166.67, type='limit', validUntil='2025-06-19T10:59:59.194+01:00') stopLoss=166.47 takeProfits=[TakeProfitLevel(name='TP1', price=167.02, percentage=50.0, reason='First resistance level based on recent swing high'), TakeProfitLevel(name='TP2', price=167.37, percentage=30.0, reason='Second resistance level based on historical data'), TakeProfitLevel(name='TP3', price=167.72, percentage=20.0, reason='Third resistance level for extended gains')] confidence=75.0 reason='Uptrend confirmed on 1H timeframe with bullish pin bars and engulfing patterns on 15M. Entry triggered by bullish pin bar at support.' timestamp='2025-06-19T09:17:59.194+01:00'
2025-06-20 08:45:45,818 - configs - WARNING - No stop loss pips provided, using default position size
2025-06-20 08:45:46,204 - configs - INFO - Order executed successfully: OrderSendResult(retcode=10009, deal=0, order=3980182581, volume=0.01, price=0.0, bid=0.0, ask=0.0, comment='Request executed', request_id=984051719, retcode_external=0, request=TradeRequest(action=5, magic=202508, order=0, symbol='EURJPY', volume=0.01, price=166.67, stoplimit=0.0, sl=166.47, tp=167.02, deviation=35, type=2, type_filling=1, type_time=2, expiration=1750419900, comment='Trade open EURJPY', position=0, position_by=0))
2025-06-20 08:45:46,204 - configs - INFO - Successfully processed signal: {'status': 'placed', 'order': {'retcode': 10009, 'deal': 0, 'order': 3980182581, 'volume': 0.01, 'price': 0.0, 'bid': 0.0, 'ask': 0.0, 'comment': 'Request executed', 'request_id': 984051719, 'retcode_external': 0, 'request': TradeRequest(action=5, magic=202508, order=0, symbol='EURJPY', volume=0.01, price=166.67, stoplimit=0.0, sl=166.47, tp=167.02, deviation=35, type=2, type_filling=1, type_time=2, expiration=1750419900, comment='Trade open EURJPY', position=0, position_by=0)}}
2025-06-20 09:00:45,853 - configs - WARNING - No stop loss pips provided, using default position size
2025-06-20 09:00:46,019 - configs - INFO - Order executed successfully: OrderSendResult(retcode=10009, deal=0, order=3980259059, volume=0.01, price=0.0, bid=0.0, ask=0.0, comment='Request executed', request_id=984051720, retcode_external=0, request=TradeRequest(action=5, magic=202508, order=0, symbol='USDJPY', volume=0.01, price=145.403, stoplimit=0.0, sl=145.203, tp=145.753, deviation=35, type=2, type_filling=1, type_time=2, expiration=1750420800, comment='Trade open USDJPY', position=0, position_by=0))
2025-06-20 09:00:46,020 - configs - INFO - Successfully processed signal: {'status': 'placed', 'order': {'retcode': 10009, 'deal': 0, 'order': 3980259059, 'volume': 0.01, 'price': 0.0, 'bid': 0.0, 'ask': 0.0, 'comment': 'Request executed', 'request_id': 984051720, 'retcode_external': 0, 'request': TradeRequest(action=5, magic=202508, order=0, symbol='USDJPY', volume=0.01, price=145.403, stoplimit=0.0, sl=145.203, tp=145.753, deviation=35, type=2, type_filling=1, type_time=2, expiration=1750420800, comment='Trade open USDJPY', position=0, position_by=0)}}
2026-03-03 10:17:31,028 - candle_service - WARNING - Could not read terminal_info Ś assuming broker is UTC+0
2026-03-03 10:20:02,091 - candle_service - ERROR - MT5 error for NAS100/1h: No data for NAS100 1h Ś mt5_error=(-1, 'Terminal: Call failed')
2026-03-03 10:25:02,075 - candle_service - ERROR - MT5 error for NAS100/1h: No data for NAS100 1h Ś mt5_error=(-1, 'Terminal: Call failed')
2026-03-03 10:28:07,064 - candle_service - INFO - Broker UTC offset resolved: UTC+0
2026-03-03 10:30:02,096 - candle_service - ERROR - MT5 error for NAS100/1h: No data for NAS100 1h Ś mt5_error=(-1, 'Terminal: Call failed')
2026-03-03 10:30:08,290 - candle_service - INFO - Broker UTC offset resolved: UTC+5
2026-03-03 10:30:54,508 - candle_service - INFO - Broker UTC offset resolved: UTC+0
2026-03-03 10:32:22,044 - candle_service - INFO - Broker UTC offset derived: UTC+2  (broker=1772537541, utc=1772530342)
2026-03-03 10:35:02,081 - candle_service - ERROR - MT5 error for NAS100/1h: No data for NAS100 1h Ś mt5_error=(-1, 'Terminal: Call failed')
2026-03-03 10:39:24,625 - candle_service - INFO - Broker UTC offset derived: UTC+2  (broker=1772537964, utc=1772530764)
2026-03-03 10:40:02,050 - candle_service - ERROR - MT5 error for NAS100/1h: No data for NAS100 1h Ś mt5_error=(-1, 'Terminal: Call failed')
2026-03-03 20:42:18,985 - candle_service - INFO - Broker UTC offset derived: UTC+2  (broker=1772574138, utc=1772566938)
2026-03-03 20:42:29,345 - candle_service - ERROR - MT5 error for EUR/USD/5m: Error fetching data for EURUSD 5m: <built-in function copy_rates_from_pos> returned a result with an exception set Ś mt5_error=(-2, 'Invalid arguments')
2026-03-03 20:44:51,450 - candle_service - INFO - Broker UTC offset derived: UTC+2  (broker=1772574291, utc=1772567091)
2026-03-03 20:45:00,427 - candle_service - ERROR - MT5 error for EUR/USD/5m: No data for EURUSD 5m Ś mt5_error=(-2, 'Invalid arguments')
2026-03-03 20:46:48,261 - candle_service - INFO - Broker UTC offset derived: UTC+2  (broker=1772574408, utc=1772567208)
2026-03-03 20:59:08,341 - candle_service - INFO - Broker UTC offset derived: UTC+2  (broker=1772575148, utc=1772567948)
2026-03-04 08:48:29,796 - candle_service - ERROR - MT5 error for ETH/USDT/1h: No data for ETHUSDT 1h Ś mt5_error=(-1, 'Terminal: Call failed')
2026-03-04 08:49:07,856 - candle_service - ERROR - MT5 error for Uk100/1h: No data for Uk100 1h Ś mt5_error=(-1, 'Terminal: Call failed')
2026-03-04 08:49:21,655 - candle_service - ERROR - MT5 error for Uk100/1h: No data for Uk100 1h Ś mt5_error=(-1, 'Terminal: Call failed')
2026-03-04 10:50:05,864 - candle_service - INFO - Broker UTC offset derived: UTC+2  (broker=1772625005, utc=1772617805)
2026-03-05 20:53:01,930 - candle_service - ERROR - MT5 error for Uk100/1h: No data for Uk100 1h Ś mt5_error=(-1, 'Terminal: Call failed')
2026-03-06 09:31:15,728 - asyncio - ERROR - Task exception was never retrieved
future: <Task finished name='Task-28059' coro=<IocpProactor.accept.<locals>.accept_coro() done, defined at C:\Python312\Lib\asyncio\windows_events.py:563> exception=OSError(22, 'The specified network name is no longer available', None, 64, None)>
Traceback (most recent call last):
  File "C:\Python312\Lib\asyncio\windows_events.py", line 566, in accept_coro
    await future
  File "C:\Python312\Lib\asyncio\windows_events.py", line 803, in _poll
    value = callback(transferred, key, ov)
            ^^^^^^^^^^^^^^^^^^^^^^^^^^^^^^
  File "C:\Python312\Lib\asyncio\windows_events.py", line 555, in finish_accept
    ov.getresult()
OSError: [WinError 64] The specified network name is no longer available
2026-03-06 09:31:15,775 - asyncio - ERROR - Accept failed on a socket
socket: <asyncio.TransportSocket fd=772, family=2, type=1, proto=6, laddr=('0.0.0.0', 8000)>
Traceback (most recent call last):
  File "C:\Python312\Lib\asyncio\proactor_events.py", line 846, in loop
    conn, addr = f.result()
                 ^^^^^^^^^^
OSError: [WinError 64] The specified network name is no longer available
2026-03-06 10:02:03,344 - candle_service - INFO - Broker UTC offset derived: UTC+2  (broker=1772794923, utc=1772787723)
2026-03-06 16:21:44,317 - candle_service - INFO - Broker UTC offset derived: UTC+-5  (broker=1772790791, utc=1772810504)
2026-03-06 21:55:32,979 - candle_service - INFO - Broker UTC offset derived: UTC+2  (broker=1772837732, utc=1772830532)
2026-03-07 16:49:43,068 - candle_service - INFO - Broker UTC offset derived: UTC+-16  (broker=1772841480, utc=1772898583)
2026-03-08 20:49:23,060 - candle_service - INFO - Broker UTC offset derived: UTC+2 (raw=2.0003)
2026-03-08 21:32:21,470 - candle_service - INFO - Broker UTC offset derived: UTC+2 (raw=2.0004)
2026-03-08 21:35:02,372 - candle_service - ERROR - MT5 error for EURUSD/5m: Error fetching data for EURUSD 5m: 'No time zone found with key Africa/Lagos' Ś mt5_error=(1, 'Success')
2026-03-08 21:35:02,467 - candle_service - ERROR - MT5 error for US500/5m: Error fetching data for US500 5m: 'No time zone found with key Africa/Lagos' Ś mt5_error=(1, 'Success')
2026-03-08 21:35:02,467 - candle_service - ERROR - MT5 error for USDCAD/5m: Error fetching data for USDCAD 5m: 'No time zone found with key Africa/Lagos' Ś mt5_error=(1, 'Success')
2026-03-08 21:35:02,467 - candle_service - ERROR - MT5 error for XAUUSD/5m: Error fetching data for XAUUSD 5m: 'No time zone found with key Africa/Lagos' Ś mt5_error=(1, 'Success')
2026-03-08 21:35:02,559 - candle_service - ERROR - MT5 error for XAGUSD/5m: Error fetching data for XAGUSD 5m: 'No time zone found with key Africa/Lagos' Ś mt5_error=(1, 'Success')
2026-03-08 21:35:02,559 - candle_service - ERROR - MT5 error for US100/5m: Error fetching data for US100 5m: 'No time zone found with key Africa/Lagos' Ś mt5_error=(1, 'Success')
2026-03-08 21:35:02,559 - candle_service - ERROR - MT5 error for EURGBP/5m: Error fetching data for EURGBP 5m: 'No time zone found with key Africa/Lagos' Ś mt5_error=(1, 'Success')
2026-03-08 21:35:02,701 - candle_service - ERROR - MT5 error for BTC/USD/5m: Error fetching data for BTCUSD 5m: 'No time zone found with key Africa/Lagos' Ś mt5_error=(1, 'Success')
2026-03-08 21:35:02,703 - candle_service - ERROR - MT5 error for BTCUSD/5m: Error fetching data for BTCUSD 5m: 'No time zone found with key Africa/Lagos' Ś mt5_error=(1, 'Success')
2026-03-08 21:35:02,705 - candle_service - ERROR - MT5 error for ETH/USD/5m: Error fetching data for ETHUSD 5m: 'No time zone found with key Africa/Lagos' Ś mt5_error=(1, 'Success')
2026-03-08 21:35:02,708 - candle_service - ERROR - MT5 error for USDJPY/5m: Error fetching data for USDJPY 5m: 'No time zone found with key Africa/Lagos' Ś mt5_error=(1, 'Success')
2026-03-08 21:35:02,710 - candle_service - ERROR - MT5 error for EURJPY/5m: Error fetching data for EURJPY 5m: 'No time zone found with key Africa/Lagos' Ś mt5_error=(1, 'Success')
2026-03-08 21:35:02,713 - candle_service - ERROR - MT5 error for NZDUSD/5m: Error fetching data for NZDUSD 5m: 'No time zone found with key Africa/Lagos' Ś mt5_error=(1, 'Success')
2026-03-08 21:35:02,715 - candle_service - ERROR - MT5 error for SOLUSD/5m: Error fetching data for SOLUSD 5m: 'No time zone found with key Africa/Lagos' Ś mt5_error=(1, 'Success')
2026-03-08 21:35:02,717 - candle_service - ERROR - MT5 error for GBPUSD/5m: Error fetching data for GBPUSD 5m: 'No time zone found with key Africa/Lagos' Ś mt5_error=(1, 'Success')
2026-03-08 21:35:02,719 - candle_service - ERROR - MT5 error for SOL/USD/5m: Error fetching data for SOLUSD 5m: 'No time zone found with key Africa/Lagos' Ś mt5_error=(1, 'Success')
2026-03-08 21:35:02,721 - candle_service - ERROR - MT5 error for UK100/5m: Error fetching data for UK100 5m: 'No time zone found with key Africa/Lagos' Ś mt5_error=(1, 'Success')
2026-03-08 21:35:02,724 - candle_service - ERROR - MT5 error for AUDUSD/5m: Error fetching data for AUDUSD 5m: 'No time zone found with key Africa/Lagos' Ś mt5_error=(1, 'Success')
2026-03-08 21:35:02,725 - candle_service - ERROR - MT5 error for ETHUSD/5m: Error fetching data for ETHUSD 5m: 'No time zone found with key Africa/Lagos' Ś mt5_error=(1, 'Success')
2026-03-08 21:35:02,728 - candle_service - ERROR - MT5 error for JP225/5m: Error fetching data for JP225 5m: 'No time zone found with key Africa/Lagos' Ś mt5_error=(1, 'Success')
2026-03-08 21:35:02,757 - candle_service - ERROR - MT5 error for AUDJPY/5m: Error fetching data for AUDJPY 5m: 'No time zone found with key Africa/Lagos' Ś mt5_error=(1, 'Success')
2026-03-08 21:40:01,554 - candle_service - ERROR - MT5 error for EURUSD/5m: Error fetching data for EURUSD 5m: 'No time zone found with key Africa/Lagos' Ś mt5_error=(1, 'Success')
2026-03-08 21:40:01,655 - candle_service - ERROR - MT5 error for AUDJPY/5m: Error fetching data for AUDJPY 5m: 'No time zone found with key Africa/Lagos' Ś mt5_error=(1, 'Success')
2026-03-08 21:40:01,658 - candle_service - ERROR - MT5 error for US100/5m: Error fetching data for US100 5m: 'No time zone found with key Africa/Lagos' Ś mt5_error=(1, 'Success')
2026-03-08 21:40:01,660 - candle_service - ERROR - MT5 error for ETHUSD/5m: Error fetching data for ETHUSD 5m: 'No time zone found with key Africa/Lagos' Ś mt5_error=(1, 'Success')
2026-03-08 21:40:01,736 - candle_service - ERROR - MT5 error for AUDUSD/5m: Error fetching data for AUDUSD 5m: 'No time zone found with key Africa/Lagos' Ś mt5_error=(1, 'Success')
2026-03-08 21:40:01,736 - candle_service - ERROR - MT5 error for EURGBP/5m: Error fetching data for EURGBP 5m: 'No time zone found with key Africa/Lagos' Ś mt5_error=(1, 'Success')
2026-03-08 21:40:01,736 - candle_service - ERROR - MT5 error for JP225/5m: Error fetching data for JP225 5m: 'No time zone found with key Africa/Lagos' Ś mt5_error=(1, 'Success')
2026-03-08 21:40:01,819 - candle_service - ERROR - MT5 error for SOLUSD/5m: Error fetching data for SOLUSD 5m: 'No time zone found with key Africa/Lagos' Ś mt5_error=(1, 'Success')
2026-03-08 21:40:01,819 - candle_service - ERROR - MT5 error for XAGUSD/5m: Error fetching data for XAGUSD 5m: 'No time zone found with key Africa/Lagos' Ś mt5_error=(1, 'Success')
2026-03-08 21:40:01,819 - candle_service - ERROR - MT5 error for USDCAD/5m: Error fetching data for USDCAD 5m: 'No time zone found with key Africa/Lagos' Ś mt5_error=(1, 'Success')
2026-03-08 21:40:01,834 - candle_service - ERROR - MT5 error for GBPUSD/5m: Error fetching data for GBPUSD 5m: 'No time zone found with key Africa/Lagos' Ś mt5_error=(1, 'Success')
2026-03-08 21:40:01,838 - candle_service - ERROR - MT5 error for ETH/USD/5m: Error fetching data for ETHUSD 5m: 'No time zone found with key Africa/Lagos' Ś mt5_error=(1, 'Success')
2026-03-08 21:40:01,838 - candle_service - ERROR - MT5 error for USDJPY/5m: Error fetching data for USDJPY 5m: 'No time zone found with key Africa/Lagos' Ś mt5_error=(1, 'Success')
2026-03-08 21:40:01,838 - candle_service - ERROR - MT5 error for XAUUSD/5m: Error fetching data for XAUUSD 5m: 'No time zone found with key Africa/Lagos' Ś mt5_error=(1, 'Success')
2026-03-08 21:40:01,838 - candle_service - ERROR - MT5 error for EURJPY/5m: Error fetching data for EURJPY 5m: 'No time zone found with key Africa/Lagos' Ś mt5_error=(1, 'Success')
2026-03-08 21:40:01,838 - candle_service - ERROR - MT5 error for SOL/USD/5m: Error fetching data for SOLUSD 5m: 'No time zone found with key Africa/Lagos' Ś mt5_error=(1, 'Success')
2026-03-08 21:40:01,838 - candle_service - ERROR - MT5 error for BTCUSD/5m: Error fetching data for BTCUSD 5m: 'No time zone found with key Africa/Lagos' Ś mt5_error=(1, 'Success')
2026-03-08 21:40:01,852 - candle_service - ERROR - MT5 error for BTC/USD/5m: Error fetching data for BTCUSD 5m: 'No time zone found with key Africa/Lagos' Ś mt5_error=(1, 'Success')
2026-03-08 21:40:01,853 - candle_service - ERROR - MT5 error for UK100/5m: Error fetching data for UK100 5m: 'No time zone found with key Africa/Lagos' Ś mt5_error=(1, 'Success')
2026-03-08 21:40:01,871 - candle_service - ERROR - MT5 error for NZDUSD/5m: Error fetching data for NZDUSD 5m: 'No time zone found with key Africa/Lagos' Ś mt5_error=(1, 'Success')
2026-03-08 21:40:01,871 - candle_service - ERROR - MT5 error for US500/5m: Error fetching data for US500 5m: 'No time zone found with key Africa/Lagos' Ś mt5_error=(1, 'Success')
2026-03-08 21:45:01,584 - candle_service - ERROR - MT5 error for SOLUSD/5m: Error fetching data for SOLUSD 5m: 'No time zone found with key Africa/Lagos' Ś mt5_error=(1, 'Success')
2026-03-08 21:45:01,584 - candle_service - ERROR - MT5 error for USDCAD/5m: Error fetching data for USDCAD 5m: 'No time zone found with key Africa/Lagos' Ś mt5_error=(1, 'Success')
2026-03-08 21:45:01,584 - candle_service - ERROR - MT5 error for SOL/USD/5m: Error fetching data for SOLUSD 5m: 'No time zone found with key Africa/Lagos' Ś mt5_error=(1, 'Success')
2026-03-08 21:45:01,693 - candle_service - ERROR - MT5 error for XAGUSD/5m: Error fetching data for XAGUSD 5m: 'No time zone found with key Africa/Lagos' Ś mt5_error=(1, 'Success')
2026-03-08 21:45:01,697 - candle_service - ERROR - MT5 error for US500/5m: Error fetching data for US500 5m: 'No time zone found with key Africa/Lagos' Ś mt5_error=(1, 'Success')
2026-03-08 21:45:01,699 - candle_service - ERROR - MT5 error for BTC/USD/5m: Error fetching data for BTCUSD 5m: 'No time zone found with key Africa/Lagos' Ś mt5_error=(1, 'Success')
2026-03-08 21:45:01,783 - candle_service - ERROR - MT5 error for US100/5m: Error fetching data for US100 5m: 'No time zone found with key Africa/Lagos' Ś mt5_error=(1, 'Success')
2026-03-08 21:45:01,788 - candle_service - ERROR - MT5 error for USDJPY/5m: Error fetching data for USDJPY 5m: 'No time zone found with key Africa/Lagos' Ś mt5_error=(1, 'Success')
2026-03-08 21:45:01,790 - candle_service - ERROR - MT5 error for BTCUSD/5m: Error fetching data for BTCUSD 5m: 'No time zone found with key Africa/Lagos' Ś mt5_error=(1, 'Success')
2026-03-08 21:45:01,792 - candle_service - ERROR - MT5 error for GBPUSD/5m: Error fetching data for GBPUSD 5m: 'No time zone found with key Africa/Lagos' Ś mt5_error=(1, 'Success')
2026-03-08 21:45:01,795 - candle_service - ERROR - MT5 error for EURJPY/5m: Error fetching data for EURJPY 5m: 'No time zone found with key Africa/Lagos' Ś mt5_error=(1, 'Success')
2026-03-08 21:45:01,797 - candle_service - ERROR - MT5 error for ETH/USD/5m: Error fetching data for ETHUSD 5m: 'No time zone found with key Africa/Lagos' Ś mt5_error=(1, 'Success')
2026-03-08 21:45:01,800 - candle_service - ERROR - MT5 error for EURGBP/5m: Error fetching data for EURGBP 5m: 'No time zone found with key Africa/Lagos' Ś mt5_error=(1, 'Success')
2026-03-08 21:45:01,802 - candle_service - ERROR - MT5 error for AUDJPY/5m: Error fetching data for AUDJPY 5m: 'No time zone found with key Africa/Lagos' Ś mt5_error=(1, 'Success')
2026-03-08 21:45:01,805 - candle_service - ERROR - MT5 error for ETHUSD/5m: Error fetching data for ETHUSD 5m: 'No time zone found with key Africa/Lagos' Ś mt5_error=(1, 'Success')
2026-03-08 21:45:01,807 - candle_service - ERROR - MT5 error for XAUUSD/5m: Error fetching data for XAUUSD 5m: 'No time zone found with key Africa/Lagos' Ś mt5_error=(1, 'Success')
2026-03-08 21:45:01,810 - candle_service - ERROR - MT5 error for AUDUSD/5m: Error fetching data for AUDUSD 5m: 'No time zone found with key Africa/Lagos' Ś mt5_error=(1, 'Success')
2026-03-08 21:45:01,813 - candle_service - ERROR - MT5 error for JP225/5m: Error fetching data for JP225 5m: 'No time zone found with key Africa/Lagos' Ś mt5_error=(1, 'Success')
2026-03-08 21:45:01,813 - candle_service - ERROR - MT5 error for EURUSD/5m: Error fetching data for EURUSD 5m: 'No time zone found with key Africa/Lagos' Ś mt5_error=(1, 'Success')
2026-03-08 21:45:01,813 - candle_service - ERROR - MT5 error for UK100/5m: Error fetching data for UK100 5m: 'No time zone found with key Africa/Lagos' Ś mt5_error=(1, 'Success')
2026-03-08 21:45:01,847 - candle_service - ERROR - MT5 error for NZDUSD/5m: Error fetching data for NZDUSD 5m: 'No time zone found with key Africa/Lagos' Ś mt5_error=(1, 'Success')
2026-03-08 21:47:54,815 - candle_service - INFO - Broker UTC offset derived: UTC+2 (raw=2.0003)
2026-03-08 21:50:01,143 - candle_service - ERROR - MT5 error for SOLUSD/5m: Error fetching data for SOLUSD 5m: 'No time zone found with key Africa/Lagos' Ś mt5_error=(1, 'Success')
2026-03-08 21:50:01,206 - candle_service - ERROR - MT5 error for ETHUSD/5m: Error fetching data for ETHUSD 5m: 'No time zone found with key Africa/Lagos' Ś mt5_error=(1, 'Success')
2026-03-08 21:50:01,206 - candle_service - ERROR - MT5 error for EURGBP/5m: Error fetching data for EURGBP 5m: 'No time zone found with key Africa/Lagos' Ś mt5_error=(1, 'Success')
2026-03-08 21:50:01,220 - candle_service - ERROR - MT5 error for US500/5m: Error fetching data for US500 5m: 'No time zone found with key Africa/Lagos' Ś mt5_error=(1, 'Success')
2026-03-08 21:50:01,298 - candle_service - ERROR - MT5 error for USDCAD/5m: Error fetching data for USDCAD 5m: 'No time zone found with key Africa/Lagos' Ś mt5_error=(1, 'Success')
2026-03-08 21:50:01,300 - candle_service - ERROR - MT5 error for EURJPY/5m: Error fetching data for EURJPY 5m: 'No time zone found with key Africa/Lagos' Ś mt5_error=(1, 'Success')
2026-03-08 21:50:01,382 - candle_service - ERROR - MT5 error for AUDUSD/5m: Error fetching data for AUDUSD 5m: 'No time zone found with key Africa/Lagos' Ś mt5_error=(1, 'Success')
2026-03-08 21:50:01,384 - candle_service - ERROR - MT5 error for AUDJPY/5m: Error fetching data for AUDJPY 5m: 'No time zone found with key Africa/Lagos' Ś mt5_error=(1, 'Success')
2026-03-08 21:50:01,465 - candle_service - ERROR - MT5 error for BTCUSD/5m: Error fetching data for BTCUSD 5m: 'No time zone found with key Africa/Lagos' Ś mt5_error=(1, 'Success')
2026-03-08 21:50:01,467 - candle_service - ERROR - MT5 error for UK100/5m: Error fetching data for UK100 5m: 'No time zone found with key Africa/Lagos' Ś mt5_error=(1, 'Success')
2026-03-08 21:50:01,470 - candle_service - ERROR - MT5 error for JP225/5m: Error fetching data for JP225 5m: 'No time zone found with key Africa/Lagos' Ś mt5_error=(1, 'Success')
2026-03-08 21:50:01,473 - candle_service - ERROR - MT5 error for US100/5m: Error fetching data for US100 5m: 'No time zone found with key Africa/Lagos' Ś mt5_error=(1, 'Success')
2026-03-08 21:50:01,477 - candle_service - ERROR - MT5 error for XAGUSD/5m: Error fetching data for XAGUSD 5m: 'No time zone found with key Africa/Lagos' Ś mt5_error=(1, 'Success')
2026-03-08 21:50:01,481 - candle_service - ERROR - MT5 error for EURUSD/5m: Error fetching data for EURUSD 5m: 'No time zone found with key Africa/Lagos' Ś mt5_error=(1, 'Success')
2026-03-08 21:50:01,486 - candle_service - ERROR - MT5 error for XAUUSD/5m: Error fetching data for XAUUSD 5m: 'No time zone found with key Africa/Lagos' Ś mt5_error=(1, 'Success')
2026-03-08 21:50:01,489 - candle_service - ERROR - MT5 error for USDJPY/5m: Error fetching data for USDJPY 5m: 'No time zone found with key Africa/Lagos' Ś mt5_error=(1, 'Success')
2026-03-08 21:50:01,492 - candle_service - ERROR - MT5 error for NZDUSD/5m: Error fetching data for NZDUSD 5m: 'No time zone found with key Africa/Lagos' Ś mt5_error=(1, 'Success')
2026-03-08 21:50:01,528 - candle_service - ERROR - MT5 error for GBPUSD/5m: Error fetching data for GBPUSD 5m: 'No time zone found with key Africa/Lagos' Ś mt5_error=(1, 'Success')
2026-03-08 21:55:01,214 - candle_service - ERROR - MT5 error for EURJPY/5m: Error fetching data for EURJPY 5m: 'No time zone found with key Africa/Lagos' Ś mt5_error=(1, 'Success')
2026-03-08 21:55:01,328 - candle_service - ERROR - MT5 error for AUDUSD/5m: Error fetching data for AUDUSD 5m: 'No time zone found with key Africa/Lagos' Ś mt5_error=(1, 'Success')
2026-03-08 21:55:01,331 - candle_service - ERROR - MT5 error for EURGBP/5m: Error fetching data for EURGBP 5m: 'No time zone found with key Africa/Lagos' Ś mt5_error=(1, 'Success')
2026-03-08 21:55:01,426 - candle_service - ERROR - MT5 error for XAUUSD/5m: Error fetching data for XAUUSD 5m: 'No time zone found with key Africa/Lagos' Ś mt5_error=(1, 'Success')
2026-03-08 21:55:01,428 - candle_service - ERROR - MT5 error for US500/5m: Error fetching data for US500 5m: 'No time zone found with key Africa/Lagos' Ś mt5_error=(1, 'Success')
2026-03-08 21:55:01,431 - candle_service - ERROR - MT5 error for XAGUSD/5m: Error fetching data for XAGUSD 5m: 'No time zone found with key Africa/Lagos' Ś mt5_error=(1, 'Success')
2026-03-08 21:55:01,522 - candle_service - ERROR - MT5 error for USDCAD/5m: Error fetching data for USDCAD 5m: 'No time zone found with key Africa/Lagos' Ś mt5_error=(1, 'Success')
2026-03-08 21:55:01,525 - candle_service - ERROR - MT5 error for USDJPY/5m: Error fetching data for USDJPY 5m: 'No time zone found with key Africa/Lagos' Ś mt5_error=(1, 'Success')
2026-03-08 21:55:01,627 - candle_service - ERROR - MT5 error for US100/5m: Error fetching data for US100 5m: 'No time zone found with key Africa/Lagos' Ś mt5_error=(1, 'Success')
2026-03-08 21:55:01,629 - candle_service - ERROR - MT5 error for GBPUSD/5m: Error fetching data for GBPUSD 5m: 'No time zone found with key Africa/Lagos' Ś mt5_error=(1, 'Success')
2026-03-08 21:55:01,633 - candle_service - ERROR - MT5 error for AUDJPY/5m: Error fetching data for AUDJPY 5m: 'No time zone found with key Africa/Lagos' Ś mt5_error=(1, 'Success')
2026-03-08 21:55:01,637 - candle_service - ERROR - MT5 error for BTCUSD/5m: Error fetching data for BTCUSD 5m: 'No time zone found with key Africa/Lagos' Ś mt5_error=(1, 'Success')
2026-03-08 21:55:01,641 - candle_service - ERROR - MT5 error for UK100/5m: Error fetching data for UK100 5m: 'No time zone found with key Africa/Lagos' Ś mt5_error=(1, 'Success')
2026-03-08 21:55:01,641 - candle_service - ERROR - MT5 error for SOLUSD/5m: Error fetching data for SOLUSD 5m: 'No time zone found with key Africa/Lagos' Ś mt5_error=(1, 'Success')
2026-03-08 21:55:01,641 - candle_service - ERROR - MT5 error for EURUSD/5m: Error fetching data for EURUSD 5m: 'No time zone found with key Africa/Lagos' Ś mt5_error=(1, 'Success')
2026-03-08 21:55:01,652 - candle_service - ERROR - MT5 error for JP225/5m: Error fetching data for JP225 5m: 'No time zone found with key Africa/Lagos' Ś mt5_error=(1, 'Success')
2026-03-08 21:55:01,656 - candle_service - ERROR - MT5 error for NZDUSD/5m: Error fetching data for NZDUSD 5m: 'No time zone found with key Africa/Lagos' Ś mt5_error=(1, 'Success')
2026-03-08 21:55:01,693 - candle_service - ERROR - MT5 error for ETHUSD/5m: Error fetching data for ETHUSD 5m: 'No time zone found with key Africa/Lagos' Ś mt5_error=(1, 'Success')
2026-03-08 22:05:01,107 - candle_service - ERROR - MT5 error for JP225/5m: Error fetching data for JP225 5m: 'No time zone found with key Africa/Lagos' Ś mt5_error=(1, 'Success')
2026-03-08 22:05:01,187 - candle_service - ERROR - MT5 error for US100/5m: Error fetching data for US100 5m: 'No time zone found with key Africa/Lagos' Ś mt5_error=(1, 'Success')
2026-03-08 22:05:01,187 - candle_service - ERROR - MT5 error for AUDJPY/5m: Error fetching data for AUDJPY 5m: 'No time zone found with key Africa/Lagos' Ś mt5_error=(1, 'Success')
2026-03-08 22:05:01,187 - candle_service - ERROR - MT5 error for USDCAD/5m: Error fetching data for USDCAD 5m: 'No time zone found with key Africa/Lagos' Ś mt5_error=(1, 'Success')
2026-03-08 22:05:01,280 - candle_service - ERROR - MT5 error for USDJPY/5m: Error fetching data for USDJPY 5m: 'No time zone found with key Africa/Lagos' Ś mt5_error=(1, 'Success')
2026-03-08 22:05:01,280 - candle_service - ERROR - MT5 error for ETHUSD/5m: Error fetching data for ETHUSD 5m: 'No time zone found with key Africa/Lagos' Ś mt5_error=(1, 'Success')
2026-03-08 22:05:01,357 - candle_service - ERROR - MT5 error for XAGUSD/5m: Error fetching data for XAGUSD 5m: 'No time zone found with key Africa/Lagos' Ś mt5_error=(1, 'Success')
2026-03-08 22:05:01,357 - candle_service - ERROR - MT5 error for SOLUSD/5m: Error fetching data for SOLUSD 5m: 'No time zone found with key Africa/Lagos' Ś mt5_error=(1, 'Success')
2026-03-08 22:05:01,454 - candle_service - ERROR - MT5 error for US500/5m: Error fetching data for US500 5m: 'No time zone found with key Africa/Lagos' Ś mt5_error=(1, 'Success')
2026-03-08 22:05:01,456 - candle_service - ERROR - MT5 error for EURGBP/5m: Error fetching data for EURGBP 5m: 'No time zone found with key Africa/Lagos' Ś mt5_error=(1, 'Success')
2026-03-08 22:05:01,458 - candle_service - ERROR - MT5 error for AUDUSD/5m: Error fetching data for AUDUSD 5m: 'No time zone found with key Africa/Lagos' Ś mt5_error=(1, 'Success')
2026-03-08 22:05:01,459 - candle_service - ERROR - MT5 error for GBPUSD/5m: Error fetching data for GBPUSD 5m: 'No time zone found with key Africa/Lagos' Ś mt5_error=(1, 'Success')
2026-03-08 22:05:01,463 - candle_service - ERROR - MT5 error for UK100/5m: Error fetching data for UK100 5m: 'No time zone found with key Africa/Lagos' Ś mt5_error=(1, 'Success')
2026-03-08 22:05:01,464 - candle_service - ERROR - MT5 error for NZDUSD/5m: Error fetching data for NZDUSD 5m: 'No time zone found with key Africa/Lagos' Ś mt5_error=(1, 'Success')
2026-03-08 22:05:01,466 - candle_service - ERROR - MT5 error for XAUUSD/5m: Error fetching data for XAUUSD 5m: 'No time zone found with key Africa/Lagos' Ś mt5_error=(1, 'Success')
2026-03-08 22:05:01,467 - candle_service - ERROR - MT5 error for EURJPY/5m: Error fetching data for EURJPY 5m: 'No time zone found with key Africa/Lagos' Ś mt5_error=(1, 'Success')
2026-03-08 22:05:01,467 - candle_service - ERROR - MT5 error for BTCUSD/5m: Error fetching data for BTCUSD 5m: 'No time zone found with key Africa/Lagos' Ś mt5_error=(1, 'Success')
2026-03-08 22:05:01,498 - candle_service - ERROR - MT5 error for EURUSD/5m: Error fetching data for EURUSD 5m: 'No time zone found with key Africa/Lagos' Ś mt5_error=(1, 'Success')
2026-03-08 22:10:01,588 - candle_service - ERROR - MT5 error for UK100/5m: Error fetching data for UK100 5m: 'No time zone found with key Africa/Lagos' Ś mt5_error=(1, 'Success')
2026-03-08 22:10:01,590 - candle_service - ERROR - MT5 error for SOLUSD/5m: Error fetching data for SOLUSD 5m: 'No time zone found with key Africa/Lagos' Ś mt5_error=(1, 'Success')
2026-03-08 22:10:01,592 - candle_service - ERROR - MT5 error for AUDUSD/5m: Error fetching data for AUDUSD 5m: 'No time zone found with key Africa/Lagos' Ś mt5_error=(1, 'Success')
2026-03-08 22:10:01,696 - candle_service - ERROR - MT5 error for JP225/5m: Error fetching data for JP225 5m: 'No time zone found with key Africa/Lagos' Ś mt5_error=(1, 'Success')
2026-03-08 22:10:01,697 - candle_service - ERROR - MT5 error for USDCAD/5m: Error fetching data for USDCAD 5m: 'No time zone found with key Africa/Lagos' Ś mt5_error=(1, 'Success')
2026-03-08 22:10:01,700 - candle_service - ERROR - MT5 error for EURJPY/5m: Error fetching data for EURJPY 5m: 'No time zone found with key Africa/Lagos' Ś mt5_error=(1, 'Success')
2026-03-08 22:10:01,763 - candle_service - ERROR - MT5 error for US100/5m: Error fetching data for US100 5m: 'No time zone found with key Africa/Lagos' Ś mt5_error=(1, 'Success')
2026-03-08 22:10:01,763 - candle_service - ERROR - MT5 error for NZDUSD/5m: Error fetching data for NZDUSD 5m: 'No time zone found with key Africa/Lagos' Ś mt5_error=(1, 'Success')
2026-03-08 22:10:01,763 - candle_service - ERROR - MT5 error for AUDJPY/5m: Error fetching data for AUDJPY 5m: 'No time zone found with key Africa/Lagos' Ś mt5_error=(1, 'Success')
2026-03-08 22:10:01,778 - candle_service - ERROR - MT5 error for XAGUSD/5m: Error fetching data for XAGUSD 5m: 'No time zone found with key Africa/Lagos' Ś mt5_error=(1, 'Success')
2026-03-08 22:10:01,778 - candle_service - ERROR - MT5 error for EURGBP/5m: Error fetching data for EURGBP 5m: 'No time zone found with key Africa/Lagos' Ś mt5_error=(1, 'Success')
2026-03-08 22:10:01,778 - candle_service - ERROR - MT5 error for GBPUSD/5m: Error fetching data for GBPUSD 5m: 'No time zone found with key Africa/Lagos' Ś mt5_error=(1, 'Success')
2026-03-08 22:10:01,778 - candle_service - ERROR - MT5 error for BTCUSD/5m: Error fetching data for BTCUSD 5m: 'No time zone found with key Africa/Lagos' Ś mt5_error=(1, 'Success')
2026-03-08 22:10:01,778 - candle_service - ERROR - MT5 error for USDJPY/5m: Error fetching data for USDJPY 5m: 'No time zone found with key Africa/Lagos' Ś mt5_error=(1, 'Success')
2026-03-08 22:10:01,778 - candle_service - ERROR - MT5 error for XAUUSD/5m: Error fetching data for XAUUSD 5m: 'No time zone found with key Africa/Lagos' Ś mt5_error=(1, 'Success')
2026-03-08 22:10:01,794 - candle_service - ERROR - MT5 error for BTC/USD/5m: Error fetching data for BTCUSD 5m: 'No time zone found with key Africa/Lagos' Ś mt5_error=(1, 'Success')
2026-03-08 22:10:01,794 - candle_service - ERROR - MT5 error for ETHUSD/5m: Error fetching data for ETHUSD 5m: 'No time zone found with key Africa/Lagos' Ś mt5_error=(1, 'Success')
2026-03-08 22:10:01,794 - candle_service - ERROR - MT5 error for EURUSD/5m: Error fetching data for EURUSD 5m: 'No time zone found with key Africa/Lagos' Ś mt5_error=(1, 'Success')
2026-03-08 22:10:01,794 - candle_service - ERROR - MT5 error for SOL/USD/5m: Error fetching data for SOLUSD 5m: 'No time zone found with key Africa/Lagos' Ś mt5_error=(1, 'Success')
2026-03-08 22:10:01,794 - candle_service - ERROR - MT5 error for ETH/USD/5m: Error fetching data for ETHUSD 5m: 'No time zone found with key Africa/Lagos' Ś mt5_error=(1, 'Success')
2026-03-08 22:10:01,850 - candle_service - ERROR - MT5 error for US500/5m: Error fetching data for US500 5m: 'No time zone found with key Africa/Lagos' Ś mt5_error=(1, 'Success')
2026-03-08 22:40:14,774 - candle_service - INFO - Broker UTC offset derived: UTC+2 (raw=2.0003)
2026-03-08 22:45:01,805 - candle_service - ERROR - MT5 error for SOL/USD/5m: Error fetching data for SOLUSD 5m: 'No time zone found with key Africa/Lagos' Ś mt5_error=(1, 'Success')
2026-03-08 22:45:01,805 - candle_service - ERROR - MT5 error for UK100/5m: Error fetching data for UK100 5m: 'No time zone found with key Africa/Lagos' Ś mt5_error=(1, 'Success')
2026-03-08 22:45:01,821 - candle_service - ERROR - MT5 error for BTC/USD/5m: Error fetching data for BTCUSD 5m: 'No time zone found with key Africa/Lagos' Ś mt5_error=(1, 'Success')
2026-03-08 22:45:01,912 - candle_service - ERROR - MT5 error for BTCUSD/5m: Error fetching data for BTCUSD 5m: 'No time zone found with key Africa/Lagos' Ś mt5_error=(1, 'Success')
2026-03-08 22:45:01,914 - candle_service - ERROR - MT5 error for ETHUSD/5m: Error fetching data for ETHUSD 5m: 'No time zone found with key Africa/Lagos' Ś mt5_error=(1, 'Success')
2026-03-08 22:45:01,915 - candle_service - ERROR - MT5 error for NZDUSD/5m: Error fetching data for NZDUSD 5m: 'No time zone found with key Africa/Lagos' Ś mt5_error=(1, 'Success')
2026-03-08 22:45:02,002 - candle_service - ERROR - MT5 error for EURJPY/5m: Error fetching data for EURJPY 5m: 'No time zone found with key Africa/Lagos' Ś mt5_error=(1, 'Success')
2026-03-08 22:45:02,005 - candle_service - ERROR - MT5 error for US500/5m: Error fetching data for US500 5m: 'No time zone found with key Africa/Lagos' Ś mt5_error=(1, 'Success')
2026-03-08 22:45:02,010 - candle_service - ERROR - MT5 error for XAGUSD/5m: Error fetching data for XAGUSD 5m: 'No time zone found with key Africa/Lagos' Ś mt5_error=(1, 'Success')
2026-03-08 22:45:02,012 - candle_service - ERROR - MT5 error for JP225/5m: Error fetching data for JP225 5m: 'No time zone found with key Africa/Lagos' Ś mt5_error=(1, 'Success')
2026-03-08 22:45:02,014 - candle_service - ERROR - MT5 error for ETH/USD/5m: Error fetching data for ETHUSD 5m: 'No time zone found with key Africa/Lagos' Ś mt5_error=(1, 'Success')
2026-03-08 22:45:02,016 - candle_service - ERROR - MT5 error for GBPUSD/5m: Error fetching data for GBPUSD 5m: 'No time zone found with key Africa/Lagos' Ś mt5_error=(1, 'Success')
2026-03-08 22:45:02,017 - candle_service - ERROR - MT5 error for USDCAD/5m: Error fetching data for USDCAD 5m: 'No time zone found with key Africa/Lagos' Ś mt5_error=(1, 'Success')
2026-03-08 22:45:02,020 - candle_service - ERROR - MT5 error for AUDUSD/5m: Error fetching data for AUDUSD 5m: 'No time zone found with key Africa/Lagos' Ś mt5_error=(1, 'Success')
2026-03-08 22:45:02,023 - candle_service - ERROR - MT5 error for XAUUSD/5m: Error fetching data for XAUUSD 5m: 'No time zone found with key Africa/Lagos' Ś mt5_error=(1, 'Success')
2026-03-08 22:45:02,028 - candle_service - ERROR - MT5 error for USDJPY/5m: Error fetching data for USDJPY 5m: 'No time zone found with key Africa/Lagos' Ś mt5_error=(1, 'Success')
2026-03-08 22:45:02,030 - candle_service - ERROR - MT5 error for EURUSD/5m: Error fetching data for EURUSD 5m: 'No time zone found with key Africa/Lagos' Ś mt5_error=(1, 'Success')
2026-03-08 22:45:02,034 - candle_service - ERROR - MT5 error for SOLUSD/5m: Error fetching data for SOLUSD 5m: 'No time zone found with key Africa/Lagos' Ś mt5_error=(1, 'Success')
2026-03-08 22:45:02,054 - candle_service - ERROR - MT5 error for AUDJPY/5m: Error fetching data for AUDJPY 5m: 'No time zone found with key Africa/Lagos' Ś mt5_error=(1, 'Success')
2026-03-08 22:45:02,059 - candle_service - ERROR - MT5 error for US100/5m: Error fetching data for US100 5m: 'No time zone found with key Africa/Lagos' Ś mt5_error=(1, 'Success')
2026-03-08 22:45:02,079 - candle_service - ERROR - MT5 error for EURGBP/5m: Error fetching data for EURGBP 5m: 'No time zone found with key Africa/Lagos' Ś mt5_error=(1, 'Success')
2026-03-08 22:51:07,802 - candle_service - INFO - Broker UTC offset derived: UTC+2 (raw=2.0003)
2026-03-08 23:10:41,473 - candle_service - INFO - Broker UTC offset derived: UTC+-492502 (raw=-492502.1782)
2026-03-08 23:15:01,783 - candle_service - ERROR - MT5 error for NZDUSD/5m: No data for NZDUSD 5m Ś mt5_error=(-2, 'Terminal: Invalid params')
2026-03-08 23:15:01,899 - candle_service - ERROR - MT5 error for ETHUSD/5m: No data for ETHUSD 5m Ś mt5_error=(-2, 'Terminal: Invalid params')
2026-03-08 23:15:01,901 - candle_service - ERROR - MT5 error for EURGBP/5m: No data for EURGBP 5m Ś mt5_error=(-2, 'Terminal: Invalid params')
2026-03-08 23:15:01,977 - candle_service - ERROR - MT5 error for SOLUSD/5m: No data for SOLUSD 5m Ś mt5_error=(-2, 'Terminal: Invalid params')
2026-03-08 23:15:01,978 - candle_service - ERROR - MT5 error for AUDJPY/5m: No data for AUDJPY 5m Ś mt5_error=(-2, 'Terminal: Invalid params')
2026-03-08 23:15:01,979 - candle_service - ERROR - MT5 error for BTCUSD/5m: No data for BTCUSD 5m Ś mt5_error=(-2, 'Terminal: Invalid params')
2026-03-08 23:15:02,064 - candle_service - ERROR - MT5 error for USDCAD/5m: No data for USDCAD 5m Ś mt5_error=(-2, 'Terminal: Invalid params')
2026-03-08 23:15:02,066 - candle_service - ERROR - MT5 error for XAUUSD/5m: No data for XAUUSD 5m Ś mt5_error=(-2, 'Terminal: Invalid params')
2026-03-08 23:15:02,068 - candle_service - ERROR - MT5 error for JP225/5m: No data for JP225 5m Ś mt5_error=(-2, 'Terminal: Invalid params')
2026-03-08 23:15:02,069 - candle_service - ERROR - MT5 error for US100/5m: No data for US100 5m Ś mt5_error=(-2, 'Terminal: Invalid params')
2026-03-08 23:15:02,073 - candle_service - ERROR - MT5 error for AUDUSD/5m: No data for AUDUSD 5m Ś mt5_error=(-2, 'Terminal: Invalid params')
2026-03-08 23:15:02,074 - candle_service - ERROR - MT5 error for BTC/USD/5m: No data for BTCUSD 5m Ś mt5_error=(-2, 'Terminal: Invalid params')
2026-03-08 23:15:02,076 - candle_service - ERROR - MT5 error for XAGUSD/5m: No data for XAGUSD 5m Ś mt5_error=(-2, 'Terminal: Invalid params')
2026-03-08 23:15:02,077 - candle_service - ERROR - MT5 error for ETH/USD/5m: No data for ETHUSD 5m Ś mt5_error=(-2, 'Terminal: Invalid params')
2026-03-08 23:15:02,078 - candle_service - ERROR - MT5 error for USDJPY/5m: No data for USDJPY 5m Ś mt5_error=(-2, 'Terminal: Invalid params')
2026-03-08 23:15:02,079 - candle_service - ERROR - MT5 error for US500/5m: No data for US500 5m Ś mt5_error=(-2, 'Terminal: Invalid params')
2026-03-08 23:15:02,080 - candle_service - ERROR - MT5 error for GBPUSD/5m: No data for GBPUSD 5m Ś mt5_error=(-2, 'Terminal: Invalid params')
2026-03-08 23:15:02,082 - candle_service - ERROR - MT5 error for EURUSD/5m: No data for EURUSD 5m Ś mt5_error=(-2, 'Terminal: Invalid params')
2026-03-08 23:15:02,085 - candle_service - ERROR - MT5 error for UK100/5m: No data for UK100 5m Ś mt5_error=(-2, 'Terminal: Invalid params')
2026-03-08 23:15:02,088 - candle_service - ERROR - MT5 error for SOL/USD/5m: No data for SOLUSD 5m Ś mt5_error=(-2, 'Terminal: Invalid params')
2026-03-08 23:15:02,142 - candle_service - ERROR - MT5 error for EURJPY/5m: No data for EURJPY 5m Ś mt5_error=(-2, 'Terminal: Invalid params')
2026-03-08 23:20:01,544 - candle_service - ERROR - MT5 error for EURUSD/5m: No data for EURUSD 5m Ś mt5_error=(-2, 'Terminal: Invalid params')
2026-03-08 23:20:01,545 - candle_service - ERROR - MT5 error for USDJPY/5m: No data for USDJPY 5m Ś mt5_error=(-2, 'Terminal: Invalid params')
2026-03-08 23:20:01,547 - candle_service - ERROR - MT5 error for BTC/USD/5m: No data for BTCUSD 5m Ś mt5_error=(-2, 'Terminal: Invalid params')
2026-03-08 23:20:01,622 - candle_service - ERROR - MT5 error for US100/5m: No data for US100 5m Ś mt5_error=(-2, 'Terminal: Invalid params')
2026-03-08 23:20:01,624 - candle_service - ERROR - MT5 error for ETHUSD/5m: No data for ETHUSD 5m Ś mt5_error=(-2, 'Terminal: Invalid params')
2026-03-08 23:20:01,625 - candle_service - ERROR - MT5 error for BTCUSD/5m: No data for BTCUSD 5m Ś mt5_error=(-2, 'Terminal: Invalid params')
2026-03-08 23:20:01,708 - candle_service - ERROR - MT5 error for USDCAD/5m: No data for USDCAD 5m Ś mt5_error=(-2, 'Terminal: Invalid params')
2026-03-08 23:20:01,710 - candle_service - ERROR - MT5 error for GBPUSD/5m: No data for GBPUSD 5m Ś mt5_error=(-2, 'Terminal: Invalid params')
2026-03-08 23:20:01,711 - candle_service - ERROR - MT5 error for EURJPY/5m: No data for EURJPY 5m Ś mt5_error=(-2, 'Terminal: Invalid params')
2026-03-08 23:20:01,713 - candle_service - ERROR - MT5 error for ETH/USD/5m: No data for ETHUSD 5m Ś mt5_error=(-2, 'Terminal: Invalid params')
2026-03-08 23:20:01,715 - candle_service - ERROR - MT5 error for XAGUSD/5m: No data for XAGUSD 5m Ś mt5_error=(-2, 'Terminal: Invalid params')
2026-03-08 23:20:01,718 - candle_service - ERROR - MT5 error for XAUUSD/5m: No data for XAUUSD 5m Ś mt5_error=(-2, 'Terminal: Invalid params')
2026-03-08 23:20:01,720 - candle_service - ERROR - MT5 error for AUDUSD/5m: No data for AUDUSD 5m Ś mt5_error=(-2, 'Terminal: Invalid params')
2026-03-08 23:20:01,721 - candle_service - ERROR - MT5 error for SOLUSD/5m: No data for SOLUSD 5m Ś mt5_error=(-2, 'Terminal: Invalid params')
2026-03-08 23:20:01,727 - candle_service - ERROR - MT5 error for US500/5m: No data for US500 5m Ś mt5_error=(-2, 'Terminal: Invalid params')
2026-03-08 23:20:01,728 - candle_service - ERROR - MT5 error for JP225/5m: No data for JP225 5m Ś mt5_error=(-2, 'Terminal: Invalid params')
2026-03-08 23:20:01,728 - candle_service - ERROR - MT5 error for NZDUSD/5m: No data for NZDUSD 5m Ś mt5_error=(-2, 'Terminal: Invalid params')
2026-03-08 23:20:01,731 - candle_service - ERROR - MT5 error for UK100/5m: No data for UK100 5m Ś mt5_error=(-2, 'Terminal: Invalid params')
2026-03-08 23:20:01,731 - candle_service - ERROR - MT5 error for EURGBP/5m: No data for EURGBP 5m Ś mt5_error=(-2, 'Terminal: Invalid params')
2026-03-08 23:20:01,731 - candle_service - ERROR - MT5 error for SOL/USD/5m: No data for SOLUSD 5m Ś mt5_error=(-2, 'Terminal: Invalid params')
2026-03-08 23:20:01,825 - candle_service - ERROR - MT5 error for AUDJPY/5m: No data for AUDJPY 5m Ś mt5_error=(-2, 'Terminal: Invalid params')
2026-03-08 23:25:01,628 - candle_service - ERROR - MT5 error for EURGBP/5m: No data for EURGBP 5m Ś mt5_error=(-2, 'Terminal: Invalid params')
2026-03-08 23:25:01,629 - candle_service - ERROR - MT5 error for US100/5m: No data for US100 5m Ś mt5_error=(-2, 'Terminal: Invalid params')
2026-03-08 23:25:01,631 - candle_service - ERROR - MT5 error for JP225/5m: No data for JP225 5m Ś mt5_error=(-2, 'Terminal: Invalid params')
2026-03-08 23:25:01,742 - candle_service - ERROR - MT5 error for BTC/USD/5m: No data for BTCUSD 5m Ś mt5_error=(-2, 'Terminal: Invalid params')
2026-03-08 23:25:01,744 - candle_service - ERROR - MT5 error for BTCUSD/5m: No data for BTCUSD 5m Ś mt5_error=(-2, 'Terminal: Invalid params')
2026-03-08 23:25:01,746 - candle_service - ERROR - MT5 error for AUDJPY/5m: No data for AUDJPY 5m Ś mt5_error=(-2, 'Terminal: Invalid params')
2026-03-08 23:25:01,859 - candle_service - ERROR - MT5 error for ETH/USD/5m: No data for ETHUSD 5m Ś mt5_error=(-2, 'Terminal: Invalid params')
2026-03-08 23:25:01,869 - candle_service - ERROR - MT5 error for XAGUSD/5m: No data for XAGUSD 5m Ś mt5_error=(-2, 'Terminal: Invalid params')
2026-03-08 23:25:01,886 - candle_service - ERROR - MT5 error for ETHUSD/5m: No data for ETHUSD 5m Ś mt5_error=(-2, 'Terminal: Invalid params')
2026-03-08 23:25:01,889 - candle_service - ERROR - MT5 error for USDCAD/5m: No data for USDCAD 5m Ś mt5_error=(-2, 'Terminal: Invalid params')
2026-03-08 23:25:01,891 - candle_service - ERROR - MT5 error for GBPUSD/5m: No data for GBPUSD 5m Ś mt5_error=(-2, 'Terminal: Invalid params')
2026-03-08 23:25:01,897 - candle_service - ERROR - MT5 error for EURUSD/5m: No data for EURUSD 5m Ś mt5_error=(-2, 'Terminal: Invalid params')
2026-03-08 23:25:01,900 - candle_service - ERROR - MT5 error for USDJPY/5m: No data for USDJPY 5m Ś mt5_error=(-2, 'Terminal: Invalid params')
2026-03-08 23:25:01,903 - candle_service - ERROR - MT5 error for AUDUSD/5m: No data for AUDUSD 5m Ś mt5_error=(-2, 'Terminal: Invalid params')
2026-03-08 23:25:01,907 - candle_service - ERROR - MT5 error for XAUUSD/5m: No data for XAUUSD 5m Ś mt5_error=(-2, 'Terminal: Invalid params')
2026-03-08 23:25:01,925 - candle_service - ERROR - MT5 error for NZDUSD/5m: No data for NZDUSD 5m Ś mt5_error=(-2, 'Terminal: Invalid params')
2026-03-08 23:25:01,935 - candle_service - ERROR - MT5 error for SOLUSD/5m: No data for SOLUSD 5m Ś mt5_error=(-2, 'Terminal: Invalid params')
2026-03-08 23:25:01,936 - candle_service - ERROR - MT5 error for EURJPY/5m: No data for EURJPY 5m Ś mt5_error=(-2, 'Terminal: Invalid params')
2026-03-08 23:25:01,939 - candle_service - ERROR - MT5 error for UK100/5m: No data for UK100 5m Ś mt5_error=(-2, 'Terminal: Invalid params')
2026-03-08 23:25:01,940 - candle_service - ERROR - MT5 error for SOL/USD/5m: No data for SOLUSD 5m Ś mt5_error=(-2, 'Terminal: Invalid params')
2026-03-08 23:25:01,961 - candle_service - ERROR - MT5 error for US500/5m: No data for US500 5m Ś mt5_error=(-2, 'Terminal: Invalid params')
2026-03-08 23:30:01,690 - candle_service - ERROR - MT5 error for JP225/5m: No data for JP225 5m Ś mt5_error=(-2, 'Terminal: Invalid params')
2026-03-08 23:30:01,690 - candle_service - ERROR - MT5 error for ETH/USD/5m: No data for ETHUSD 5m Ś mt5_error=(-2, 'Terminal: Invalid params')
2026-03-08 23:30:01,690 - candle_service - ERROR - MT5 error for AUDJPY/5m: No data for AUDJPY 5m Ś mt5_error=(-2, 'Terminal: Invalid params')
2026-03-08 23:30:01,774 - candle_service - ERROR - MT5 error for SOLUSD/5m: No data for SOLUSD 5m Ś mt5_error=(-2, 'Terminal: Invalid params')
2026-03-08 23:30:01,774 - candle_service - ERROR - MT5 error for EURUSD/5m: No data for EURUSD 5m Ś mt5_error=(-2, 'Terminal: Invalid params')
2026-03-08 23:30:01,774 - candle_service - ERROR - MT5 error for ETHUSD/5m: No data for ETHUSD 5m Ś mt5_error=(-2, 'Terminal: Invalid params')
2026-03-08 23:30:01,857 - candle_service - ERROR - MT5 error for GBPUSD/5m: No data for GBPUSD 5m Ś mt5_error=(-2, 'Terminal: Invalid params')
2026-03-08 23:30:01,857 - candle_service - ERROR - MT5 error for BTCUSD/5m: No data for BTCUSD 5m Ś mt5_error=(-2, 'Terminal: Invalid params')
2026-03-08 23:30:01,857 - candle_service - ERROR - MT5 error for XAUUSD/5m: No data for XAUUSD 5m Ś mt5_error=(-2, 'Terminal: Invalid params')
2026-03-08 23:30:01,857 - candle_service - ERROR - MT5 error for US500/5m: No data for US500 5m Ś mt5_error=(-2, 'Terminal: Invalid params')
2026-03-08 23:30:01,857 - candle_service - ERROR - MT5 error for US100/5m: No data for US100 5m Ś mt5_error=(-2, 'Terminal: Invalid params')
2026-03-08 23:30:01,857 - candle_service - ERROR - MT5 error for XAGUSD/5m: No data for XAGUSD 5m Ś mt5_error=(-2, 'Terminal: Invalid params')
2026-03-08 23:30:01,857 - candle_service - ERROR - MT5 error for SOL/USD/5m: No data for SOLUSD 5m Ś mt5_error=(-2, 'Terminal: Invalid params')
2026-03-08 23:30:01,870 - candle_service - ERROR - MT5 error for USDJPY/5m: No data for USDJPY 5m Ś mt5_error=(-2, 'Terminal: Invalid params')
2026-03-08 23:30:01,874 - candle_service - ERROR - MT5 error for UK100/5m: No data for UK100 5m Ś mt5_error=(-2, 'Terminal: Invalid params')
2026-03-08 23:30:01,877 - candle_service - ERROR - MT5 error for USDCAD/5m: No data for USDCAD 5m Ś mt5_error=(-2, 'Terminal: Invalid params')
2026-03-08 23:30:01,879 - candle_service - ERROR - MT5 error for BTC/USD/5m: No data for BTCUSD 5m Ś mt5_error=(-2, 'Terminal: Invalid params')
2026-03-08 23:30:01,880 - candle_service - ERROR - MT5 error for AUDUSD/5m: No data for AUDUSD 5m Ś mt5_error=(-2, 'Terminal: Invalid params')
2026-03-08 23:30:01,911 - candle_service - ERROR - MT5 error for NZDUSD/5m: No data for NZDUSD 5m Ś mt5_error=(-2, 'Terminal: Invalid params')
2026-03-08 23:30:01,912 - candle_service - ERROR - MT5 error for EURJPY/5m: No data for EURJPY 5m Ś mt5_error=(-2, 'Terminal: Invalid params')
2026-03-08 23:30:01,935 - candle_service - ERROR - MT5 error for EURGBP/5m: No data for EURGBP 5m Ś mt5_error=(-2, 'Terminal: Invalid params')
2026-03-08 23:35:01,253 - candle_service - ERROR - MT5 error for XAUUSD/5m: No data for XAUUSD 5m Ś mt5_error=(-2, 'Terminal: Invalid params')
2026-03-08 23:35:01,315 - candle_service - ERROR - MT5 error for AUDJPY/5m: No data for AUDJPY 5m Ś mt5_error=(-2, 'Terminal: Invalid params')
2026-03-08 23:35:01,330 - candle_service - ERROR - MT5 error for UK100/5m: No data for UK100 5m Ś mt5_error=(-2, 'Terminal: Invalid params')
2026-03-08 23:35:01,333 - candle_service - ERROR - MT5 error for AUDUSD/5m: No data for AUDUSD 5m Ś mt5_error=(-2, 'Terminal: Invalid params')
2026-03-08 23:35:01,413 - candle_service - ERROR - MT5 error for BTCUSD/5m: No data for BTCUSD 5m Ś mt5_error=(-2, 'Terminal: Invalid params')
2026-03-08 23:35:01,413 - candle_service - ERROR - MT5 error for USDCAD/5m: No data for USDCAD 5m Ś mt5_error=(-2, 'Terminal: Invalid params')
2026-03-08 23:35:01,501 - candle_service - ERROR - MT5 error for US100/5m: No data for US100 5m Ś mt5_error=(-2, 'Terminal: Invalid params')
2026-03-08 23:35:01,565 - candle_service - ERROR - MT5 error for EURJPY/5m: No data for EURJPY 5m Ś mt5_error=(-2, 'Terminal: Invalid params')
2026-03-08 23:35:01,565 - candle_service - ERROR - MT5 error for USDJPY/5m: No data for USDJPY 5m Ś mt5_error=(-2, 'Terminal: Invalid params')
2026-03-08 23:35:01,581 - candle_service - ERROR - MT5 error for NZDUSD/5m: No data for NZDUSD 5m Ś mt5_error=(-2, 'Terminal: Invalid params')
2026-03-08 23:35:01,585 - candle_service - ERROR - MT5 error for ETHUSD/5m: No data for ETHUSD 5m Ś mt5_error=(-2, 'Terminal: Invalid params')
2026-03-08 23:35:01,587 - candle_service - ERROR - MT5 error for GBPUSD/5m: No data for GBPUSD 5m Ś mt5_error=(-2, 'Terminal: Invalid params')
2026-03-08 23:35:01,590 - candle_service - ERROR - MT5 error for XAGUSD/5m: No data for XAGUSD 5m Ś mt5_error=(-2, 'Terminal: Invalid params')
2026-03-08 23:35:01,592 - candle_service - ERROR - MT5 error for EURUSD/5m: No data for EURUSD 5m Ś mt5_error=(-2, 'Terminal: Invalid params')
2026-03-08 23:35:01,592 - candle_service - ERROR - MT5 error for SOLUSD/5m: No data for SOLUSD 5m Ś mt5_error=(-2, 'Terminal: Invalid params')
2026-03-08 23:35:01,592 - candle_service - ERROR - MT5 error for US500/5m: No data for US500 5m Ś mt5_error=(-2, 'Terminal: Invalid params')
2026-03-08 23:35:01,597 - candle_service - ERROR - MT5 error for EURGBP/5m: No data for EURGBP 5m Ś mt5_error=(-2, 'Terminal: Invalid params')
2026-03-08 23:35:01,631 - candle_service - ERROR - MT5 error for JP225/5m: No data for JP225 5m Ś mt5_error=(-2, 'Terminal: Invalid params')
2026-03-08 23:40:01,173 - candle_service - ERROR - MT5 error for US100/5m: No data for US100 5m Ś mt5_error=(-2, 'Terminal: Invalid params')
2026-03-08 23:40:01,244 - candle_service - ERROR - MT5 error for XAUUSD/5m: No data for XAUUSD 5m Ś mt5_error=(-2, 'Terminal: Invalid params')
2026-03-08 23:40:01,244 - candle_service - ERROR - MT5 error for XAGUSD/5m: No data for XAGUSD 5m Ś mt5_error=(-2, 'Terminal: Invalid params')
2026-03-08 23:40:01,334 - candle_service - ERROR - MT5 error for EURJPY/5m: No data for EURJPY 5m Ś mt5_error=(-2, 'Terminal: Invalid params')
2026-03-08 23:40:01,336 - candle_service - ERROR - MT5 error for US500/5m: No data for US500 5m Ś mt5_error=(-2, 'Terminal: Invalid params')
2026-03-08 23:40:01,338 - candle_service - ERROR - MT5 error for EURGBP/5m: No data for EURGBP 5m Ś mt5_error=(-2, 'Terminal: Invalid params')
2026-03-08 23:40:01,430 - candle_service - ERROR - MT5 error for EURUSD/5m: No data for EURUSD 5m Ś mt5_error=(-2, 'Terminal: Invalid params')
2026-03-08 23:40:01,514 - candle_service - ERROR - MT5 error for BTCUSD/5m: No data for BTCUSD 5m Ś mt5_error=(-2, 'Terminal: Invalid params')
2026-03-08 23:40:01,515 - candle_service - ERROR - MT5 error for USDCAD/5m: No data for USDCAD 5m Ś mt5_error=(-2, 'Terminal: Invalid params')
2026-03-08 23:40:01,516 - candle_service - ERROR - MT5 error for UK100/5m: No data for UK100 5m Ś mt5_error=(-2, 'Terminal: Invalid params')
2026-03-08 23:40:01,519 - candle_service - ERROR - MT5 error for GBPUSD/5m: No data for GBPUSD 5m Ś mt5_error=(-2, 'Terminal: Invalid params')
2026-03-08 23:40:01,521 - candle_service - ERROR - MT5 error for NZDUSD/5m: No data for NZDUSD 5m Ś mt5_error=(-2, 'Terminal: Invalid params')
2026-03-08 23:40:01,523 - candle_service - ERROR - MT5 error for ETHUSD/5m: No data for ETHUSD 5m Ś mt5_error=(-2, 'Terminal: Invalid params')
2026-03-08 23:40:01,526 - candle_service - ERROR - MT5 error for USDJPY/5m: No data for USDJPY 5m Ś mt5_error=(-2, 'Terminal: Invalid params')
2026-03-08 23:40:01,526 - candle_service - ERROR - MT5 error for JP225/5m: No data for JP225 5m Ś mt5_error=(-2, 'Terminal: Invalid params')
2026-03-08 23:40:01,526 - candle_service - ERROR - MT5 error for AUDJPY/5m: No data for AUDJPY 5m Ś mt5_error=(-2, 'Terminal: Invalid params')
2026-03-08 23:40:01,526 - candle_service - ERROR - MT5 error for SOLUSD/5m: No data for SOLUSD 5m Ś mt5_error=(-2, 'Terminal: Invalid params')
2026-03-08 23:40:01,574 - candle_service - ERROR - MT5 error for AUDUSD/5m: No data for AUDUSD 5m Ś mt5_error=(-2, 'Terminal: Invalid params')
2026-03-08 23:45:01,168 - candle_service - ERROR - MT5 error for XAGUSD/5m: No data for XAGUSD 5m Ś mt5_error=(-2, 'Terminal: Invalid params')
2026-03-08 23:45:01,237 - candle_service - ERROR - MT5 error for EURGBP/5m: No data for EURGBP 5m Ś mt5_error=(-2, 'Terminal: Invalid params')
2026-03-08 23:45:01,237 - candle_service - ERROR - MT5 error for EURUSD/5m: No data for EURUSD 5m Ś mt5_error=(-2, 'Terminal: Invalid params')
2026-03-08 23:45:01,329 - candle_service - ERROR - MT5 error for UK100/5m: No data for UK100 5m Ś mt5_error=(-2, 'Terminal: Invalid params')
2026-03-08 23:45:01,330 - candle_service - ERROR - MT5 error for USDCAD/5m: No data for USDCAD 5m Ś mt5_error=(-2, 'Terminal: Invalid params')
2026-03-08 23:45:01,406 - candle_service - ERROR - MT5 error for GBPUSD/5m: No data for GBPUSD 5m Ś mt5_error=(-2, 'Terminal: Invalid params')
2026-03-08 23:45:01,406 - candle_service - ERROR - MT5 error for NZDUSD/5m: No data for NZDUSD 5m Ś mt5_error=(-2, 'Terminal: Invalid params')
2026-03-08 23:45:01,493 - candle_service - ERROR - MT5 error for EURJPY/5m: No data for EURJPY 5m Ś mt5_error=(-2, 'Terminal: Invalid params')
2026-03-08 23:45:01,494 - candle_service - ERROR - MT5 error for AUDUSD/5m: No data for AUDUSD 5m Ś mt5_error=(-2, 'Terminal: Invalid params')
2026-03-08 23:45:01,496 - candle_service - ERROR - MT5 error for XAUUSD/5m: No data for XAUUSD 5m Ś mt5_error=(-2, 'Terminal: Invalid params')
2026-03-08 23:45:01,497 - candle_service - ERROR - MT5 error for US500/5m: No data for US500 5m Ś mt5_error=(-2, 'Terminal: Invalid params')
2026-03-08 23:45:01,499 - candle_service - ERROR - MT5 error for SOLUSD/5m: No data for SOLUSD 5m Ś mt5_error=(-2, 'Terminal: Invalid params')
2026-03-08 23:45:01,501 - candle_service - ERROR - MT5 error for JP225/5m: No data for JP225 5m Ś mt5_error=(-2, 'Terminal: Invalid params')
2026-03-08 23:45:01,508 - candle_service - ERROR - MT5 error for BTCUSD/5m: No data for BTCUSD 5m Ś mt5_error=(-2, 'Terminal: Invalid params')
2026-03-08 23:45:01,510 - candle_service - ERROR - MT5 error for USDJPY/5m: No data for USDJPY 5m Ś mt5_error=(-2, 'Terminal: Invalid params')
2026-03-08 23:45:01,512 - candle_service - ERROR - MT5 error for ETHUSD/5m: No data for ETHUSD 5m Ś mt5_error=(-2, 'Terminal: Invalid params')
2026-03-08 23:45:01,513 - candle_service - ERROR - MT5 error for US100/5m: No data for US100 5m Ś mt5_error=(-2, 'Terminal: Invalid params')
2026-03-08 23:45:01,552 - candle_service - ERROR - MT5 error for AUDJPY/5m: No data for AUDJPY 5m Ś mt5_error=(-2, 'Terminal: Invalid params')
2026-03-08 23:46:25,569 - candle_service - ERROR - MT5 error for EURUSD/1h: Provide at least one of: from_date, to_date, or limit. Ś mt5_error=(-2, 'Terminal: Invalid params')
2026-03-08 23:49:25,923 - candle_service - INFO - raw broker_ts=1773017367.203, true_utc=1773010165.924, raw_offset=2.0004, rounded=2
2026-03-08 23:49:25,923 - candle_service - INFO - Broker UTC offset derived: UTC+2 (raw=2.0004)
